Log file open, 07/16/18 10:16:26
LogWindows: LoadLibraryWithSearchPaths failed for file aqProf.dll. GetLastError=0
LogWindows: LoadLibraryWithSearchPaths failed for file VSPerf140.dll. GetLastError=0
LogWindows: LoadLibraryWithSearchPaths failed for file VtuneApi.dll. GetLastError=0
LogWindows: LoadLibraryWithSearchPaths failed for file VtuneApi32e.dll. GetLastError=0
LogInit: Display: Running engine for game: My2DGame
LogPlatformFile: Not using cached read wrapper
LogInit: Display: RandInit(1845734198) SRandInit(1845734198).
LogTaskGraph: Started task graph with 5 named threads and 8 total threads with 3 sets of task threads.
LogStats: Stats thread started at 0.169892
LogD3D11RHI: Aftermath initialized
LogPluginManager: Mounting plugin Paper2D
LogPluginManager: Mounting plugin LightPropagationVolume
LogPluginManager: Mounting plugin CodeLiteSourceCodeAccess
LogPluginManager: Mounting plugin GitSourceControl
LogPluginManager: Mounting plugin KDevelopSourceCodeAccess
LogPluginManager: Mounting plugin NullSourceCodeAccess
LogPluginManager: Mounting plugin PerforceSourceControl
LogPluginManager: Mounting plugin SubversionSourceControl
LogPluginManager: Mounting plugin UObjectPlugin
LogPluginManager: Mounting plugin VisualStudioSourceCodeAccess
LogPluginManager: Mounting plugin XCodeSourceCodeAccess
LogPluginManager: Mounting plugin AssetManagerEditor
LogPluginManager: Mounting plugin AudioCapture
LogPluginManager: Mounting plugin FacialAnimation
LogPluginManager: Mounting plugin GameplayTagsEditor
LogPluginManager: Mounting plugin MobileLauncherProfileWizard
LogPluginManager: Mounting plugin PluginBrowser
LogPluginManager: Mounting plugin SpeedTreeImporter
LogPluginManager: Mounting plugin AlembicImporter
LogPluginManager: Mounting plugin CharacterAI
LogPluginManager: Mounting plugin HTML5Networking
LogPluginManager: Mounting plugin AndroidMedia
LogPluginManager: Mounting plugin AvfMedia
LogPluginManager: Mounting plugin MediaPlayerEditor
LogPluginManager: Mounting plugin WmfMedia
LogPluginManager: Mounting plugin TcpMessaging
LogPluginManager: Mounting plugin UdpMessaging
LogPluginManager: Mounting plugin LevelSequenceEditor
LogPluginManager: Mounting plugin MatineeToLevelSequence
LogPluginManager: Mounting plugin OnlineSubsystemGooglePlay
LogPluginManager: Mounting plugin OnlineSubsystemIOS
LogPluginManager: Mounting plugin OnlineSubsystem
LogPluginManager: Mounting plugin OnlineSubsystemNull
LogPluginManager: Mounting plugin OnlineSubsystemUtils
LogPluginManager: Mounting plugin AndroidDeviceProfileSelector
LogPluginManager: Mounting plugin AndroidMoviePlayer
LogPluginManager: Mounting plugin AndroidPermission
LogPluginManager: Mounting plugin AppleMoviePlayer
LogPluginManager: Mounting plugin ArchVisCharacter
LogPluginManager: Mounting plugin CableComponent
LogPluginManager: Mounting plugin CustomMeshComponent
LogPluginManager: Mounting plugin ExampleDeviceProfileSelector
LogPluginManager: Mounting plugin GoogleCloudMessaging
LogPluginManager: Mounting plugin ImmediatePhysics
LogPluginManager: Mounting plugin IOSDeviceProfileSelector
LogPluginManager: Mounting plugin LinuxDeviceProfileSelector
LogPluginManager: Mounting plugin LocationServicesBPLibrary
LogPluginManager: Mounting plugin MobilePatchingUtils
LogPluginManager: Mounting plugin OculusVR
LogPluginManager: Mounting plugin PhysXVehicles
LogPluginManager: Mounting plugin ProceduralMeshComponent
LogPluginManager: Mounting plugin RuntimePhysXCooking
LogPluginManager: Mounting plugin SteamVR
LogPluginManager: Mounting plugin WindowsMoviePlayer
LogInit: Using libcurl 7.47.1
LogInit:  - built for x86_64-pc-win32
LogInit:  - supports SSL with OpenSSL/1.0.2g
LogInit:  - supports HTTP deflate (compression) using libz 1.2.8
LogInit:  - other features:
LogInit:      CURL_VERSION_SSL
LogInit:      CURL_VERSION_LIBZ
LogInit:      CURL_VERSION_IPV6
LogInit:      CURL_VERSION_ASYNCHDNS
LogInit:      CURL_VERSION_LARGEFILE
LogInit:      CURL_VERSION_IDN
LogInit:  CurlRequestOptions (configurable via config and command line):
LogInit:  - bVerifyPeer = false  - Libcurl will NOT verify peer certificate
LogInit:  - bUseHttpProxy = false  - Libcurl will NOT use HTTP proxy
LogInit:  - bDontReuseConnections = false  - Libcurl will reuse connections
LogInit:  - CertBundlePath = nullptr  - Libcurl will use whatever was configured at build time.
LogInit: Build: ++UE4+Release-4.17-CL-3586342
LogInit: Engine Version: 4.17.1-3586342+++UE4+Release-4.17
LogInit: Compatible Engine Version: 4.17.0-3573198+++UE4+Release-4.17
LogInit: Net CL: 3573198
LogDevObjectVersion: Number of dev versions registered: 16
LogDevObjectVersion:   Dev-Blueprints (B0D832E4-1F89-4F0D-ACCF-7EB736FD4AA2): 10
LogDevObjectVersion:   Dev-Build (E1C64328-A22C-4D53-A36C-8E866417BD8C): 0
LogDevObjectVersion:   Dev-Core (375EC13C-06E4-48FB-B500-84F0262A717E): 2
LogDevObjectVersion:   Dev-Editor (E4B068ED-F494-42E9-A231-DA0B2E46BB41): 20
LogDevObjectVersion:   Dev-Framework (CFFC743F-43B0-4480-9391-14DF171D2073): 28
LogDevObjectVersion:   Dev-Mobile (B02B49B5-BB20-44E9-A304-32B752E40360): 0
LogDevObjectVersion:   Dev-Networking (A4E4105C-59A1-49B5-A7C5-40C4547EDFEE): 0
LogDevObjectVersion:   Dev-Online (39C831C9-5AE6-47DC-9A44-9C173E1C8E7C): 0
LogDevObjectVersion:   Dev-Physics (78F01B33-EBEA-4F98-B9B4-84EACCB95AA2): 0
LogDevObjectVersion:   Dev-Platform (6631380F-2D4D-43E0-8009-CF276956A95A): 0
LogDevObjectVersion:   Dev-Rendering (12F88B9F-8875-4AFC-A67C-D90C383ABD29): 19
LogDevObjectVersion:   Dev-Sequencer (7B5AE74C-D270-4C10-A958-57980B212A5A): 4
LogDevObjectVersion:   Dev-VR (D7296918-1DD6-4BDD-9DE2-64A83CC13884): 0
LogDevObjectVersion:   Dev-LoadTimes (C2A15278-BFE7-4AFE-6C17-90FF531DF755): 1
LogDevObjectVersion:   Private-Geometry (6EACA3D4-40EC-4CC1-B786-8BED09428FC5): 1
LogDevObjectVersion:   Dev-AnimPhys (29E575DD-E0A3-4627-9D10-D276232CDCEA): 7
LogInit: Compiled (64-bit): Aug 15 2017 02:05:26
LogInit: Compiled with Visual C++: 19.00.24215.01
LogInit: Build Configuration: Development
LogInit: Branch Name: ++UE4+Release-4.17
LogInit: Command line: 
LogInit: Base directory: C:/Epic Games/UE_4.17/Engine/Binaries/Win64/
LogInit: Installed Engine Build: 1
LogInit: Presizing for max 8388607 objects, including 0 objects not considered by GC, pre-allocating 0 bytes for permanent pool.
LogInit: Object subsystem initialized
[2018.07.16-14.16.27:441][  0]LogInit: Selected Device Profile: [Windows]
[2018.07.16-14.16.27:441][  0]LogInit: Applying CVar settings loaded from the selected device profile: [Windows]
[2018.07.16-14.16.27:470][  0]LogInit: Computer: SHASHWATHISBAD
[2018.07.16-14.16.27:470][  0]LogInit: User: Shash
[2018.07.16-14.16.27:470][  0]LogInit: CPU Page size=4096, Cores=2
[2018.07.16-14.16.27:470][  0]LogInit: High frequency timer resolution =2.533316 MHz
[2018.07.16-14.16.27:471][  0]LogMemory: Memory total: Physical=7.7GB (8GB approx)
[2018.07.16-14.16.27:471][  0]LogMemory: Platform Memory Stats for Windows
[2018.07.16-14.16.27:471][  0]LogMemory: Process Physical Memory: 276.86 MB used, 276.86 MB peak
[2018.07.16-14.16.27:471][  0]LogMemory: Process Virtual Memory: 276.14 MB used, 276.14 MB peak
[2018.07.16-14.16.27:471][  0]LogMemory: Physical Memory: 5691.11 MB used,  2197.69 MB free, 7888.79 MB total
[2018.07.16-14.16.27:471][  0]LogMemory: Virtual Memory: 4801.61 MB used,  2197.69 MB free, 134217728.00 MB total
[2018.07.16-14.16.27:822][  0]LogInit: Using OS detected language (en-US).
[2018.07.16-14.16.27:822][  0]LogInit: Using OS detected locale (en-US).
[2018.07.16-14.16.27:826][  0]LogTextLocalizationManager: No specific localization for 'en-US' exists, so the 'en' localization will be used.
[2018.07.16-14.16.28:845][  0]LogD3D11RHI: D3D11 adapters:
[2018.07.16-14.16.28:850][  0]LogD3D11RHI:    0. 'Intel(R) HD Graphics 4000' (Feature Level 11_0)
[2018.07.16-14.16.28:850][  0]LogD3D11RHI:       32/0/1760 MB DedicatedVideo/DedicatedSystem/SharedSystem, Outputs:1, VendorId:0x8086
[2018.07.16-14.16.28:852][  0]LogD3D11RHI:    1. 'Microsoft Basic Render Driver' (Feature Level 11_0)
[2018.07.16-14.16.28:852][  0]LogD3D11RHI:       0/0/3944 MB DedicatedVideo/DedicatedSystem/SharedSystem, Outputs:0, VendorId:0x1414
[2018.07.16-14.16.28:852][  0]LogD3D11RHI: Chosen D3D11 Adapter: 0
[2018.07.16-14.16.28:860][  0]LogD3D11RHI: Creating new Direct3DDevice
[2018.07.16-14.16.28:860][  0]LogD3D11RHI:     GPU DeviceId: 0x166 (for the marketing name, search the web for "GPU Device Id")
[2018.07.16-14.16.28:860][  0]LogWindows: EnumDisplayDevices:
[2018.07.16-14.16.28:860][  0]LogWindows:    0. 'Intel(R) HD Graphics 4000' (P:1 D:1)
[2018.07.16-14.16.28:860][  0]LogWindows:    1. 'Intel(R) HD Graphics 4000' (P:0 D:0)
[2018.07.16-14.16.28:860][  0]LogWindows:    2. 'Intel(R) HD Graphics 4000' (P:0 D:0)
[2018.07.16-14.16.28:860][  0]LogWindows: DebugString: GetVideoDriverDetailsInvalid PrimaryIsNotTheChoosenAdapter GetVideoDriverDetailsInvalid PrimaryIsNotTheChoosenAdapter GetVideoDriverDetailsInvalid PrimaryIsNotTheChoosenAdapter FoundDriverCount:0 
[2018.07.16-14.16.28:861][  0]LogD3D11RHI:     Adapter Name: Intel(R) HD Graphics 4000
[2018.07.16-14.16.28:861][  0]LogD3D11RHI:   Driver Version: Unknown (internal:Unknown, unified:Unknown)
[2018.07.16-14.16.28:861][  0]LogD3D11RHI:      Driver Date: Unknown
[2018.07.16-14.16.28:861][  0]LogRHI: Texture pool is 638 MB (70% of 912 MB)
[2018.07.16-14.16.28:866][  0]LogD3D11RHI: Async texture creation enabled
[2018.07.16-14.16.28:871][  0]LogD3D11RHI: GPU Timing Frequency: 12.500000 (Debug: 2 0)
[2018.07.16-14.16.28:872][  0]LogShaderCompilers: Guid format shader working directory is -15 characters bigger than the processId version (../../../../../Users/Shash/Documents/Unreal Projects/My2DGame/Intermediate/Shaders/WorkingDirectory/4352/).
[2018.07.16-14.16.28:872][  0]LogShaderCompilers: Cleaned the shader compiler working directory 'C:/Users/Shash/AppData/Local/Temp/UnrealShaderWorkingDir/46644D6C49D58F5640D11AB8AF314E8C/'.
[2018.07.16-14.16.28:872][  0]LogShaderCompilers: Display: Using Local Shader Compiler.
[2018.07.16-14.16.30:343][  0]LogTemp: Display: Loaded TP AllDesktopTargetPlatform
[2018.07.16-14.16.30:444][  0]LogTemp: Display: Loaded TP MacClientTargetPlatform
[2018.07.16-14.16.30:541][  0]LogTemp: Display: Loaded TP MacNoEditorTargetPlatform
[2018.07.16-14.16.30:641][  0]LogTemp: Display: Loaded TP MacServerTargetPlatform
[2018.07.16-14.16.30:735][  0]LogTemp: Display: Loaded TP MacTargetPlatform
[2018.07.16-14.16.30:843][  0]LogTemp: Display: Loaded TP WindowsClientTargetPlatform
[2018.07.16-14.16.30:939][  0]LogTemp: Display: Loaded TP WindowsNoEditorTargetPlatform
[2018.07.16-14.16.31:047][  0]LogTemp: Display: Loaded TP WindowsServerTargetPlatform
[2018.07.16-14.16.31:131][  0]LogTemp: Display: Loaded TP WindowsTargetPlatform
[2018.07.16-14.16.31:228][  0]LogTemp: Display: Loaded TP AndroidTargetPlatform
[2018.07.16-14.16.31:326][  0]LogTemp: Display: Loaded TP Android_ASTCTargetPlatform
[2018.07.16-14.16.31:423][  0]LogTemp: Display: Loaded TP Android_ATCTargetPlatform
[2018.07.16-14.16.31:519][  0]LogTemp: Display: Loaded TP Android_DXTTargetPlatform
[2018.07.16-14.16.31:610][  0]LogTemp: Display: Loaded TP Android_ETC1TargetPlatform
[2018.07.16-14.16.31:707][  0]LogTemp: Display: Loaded TP Android_ETC2TargetPlatform
[2018.07.16-14.16.31:899][  0]LogTemp: Display: Loaded TP Android_MultiTargetPlatform
[2018.07.16-14.16.31:899][  0]LogTemp: Display: Loaded TP Android_PVRTCTargetPlatform
[2018.07.16-14.16.31:978][  0]LogTemp: Display: Loaded TP HTML5TargetPlatform
[2018.07.16-14.16.32:166][  0]LogTemp: Display: Loaded TP IOSTargetPlatform
[2018.07.16-14.16.32:229][  0]LogTemp: Display: Loaded TP TVOSTargetPlatform
[2018.07.16-14.16.32:327][  0]LogTemp: Display: Loaded TP LinuxClientTargetPlatform
[2018.07.16-14.16.32:424][  0]LogTemp: Display: Loaded TP LinuxNoEditorTargetPlatform
[2018.07.16-14.16.32:515][  0]LogTemp: Display: Loaded TP LinuxServerTargetPlatform
[2018.07.16-14.16.32:613][  0]LogTemp: Display: Loaded TP LinuxTargetPlatform
[2018.07.16-14.16.32:613][  0]LogTargetPlatformManager: Display: Building Assets For Windows
[2018.07.16-14.16.33:645][  0]LogDerivedDataCache: Display: Max Cache Size: 512 MB
[2018.07.16-14.16.33:757][  0]LogDerivedDataCache: Loaded boot cache 0.11s 93MB C:/Users/Shash/AppData/Local/UnrealEngine/4.17/DerivedDataCache/Boot.ddc.
[2018.07.16-14.16.33:757][  0]LogDerivedDataCache: Display: Loaded Boot cache: C:/Users/Shash/AppData/Local/UnrealEngine/4.17/DerivedDataCache/Boot.ddc
[2018.07.16-14.16.33:757][  0]LogDerivedDataCache: FDerivedDataBackendGraph:  Pak pak cache file ../../../../../Users/Shash/Documents/Unreal Projects/My2DGame/DerivedDataCache/DDC.ddp not found, will not use a pak cache.
[2018.07.16-14.16.33:757][  0]LogDerivedDataCache: Unable to find inner node Pak for hierarchical cache Hierarchy.
[2018.07.16-14.16.33:757][  0]LogDerivedDataCache: FDerivedDataBackendGraph:  CompressedPak pak cache file ../../../../../Users/Shash/Documents/Unreal Projects/My2DGame/DerivedDataCache/Compressed.ddp not found, will not use a pak cache.
[2018.07.16-14.16.33:757][  0]LogDerivedDataCache: Unable to find inner node CompressedPak for hierarchical cache Hierarchy.
[2018.07.16-14.16.33:780][  0]LogDerivedDataCache: Display: Pak cache opened for reading ../../../Engine/DerivedDataCache/Compressed.ddp.
[2018.07.16-14.16.33:794][  0]LogDerivedDataCache: Using Local data cache path C:/Users/Shash/AppData/Local/UnrealEngine/Common/DerivedDataCache: Writable
[2018.07.16-14.16.33:810][  0]LogMaterial: Verifying Global Shaders for PCD3D_SM5
[2018.07.16-14.16.33:811][  0]LogSlate: Using Freetype 2.6.0
[2018.07.16-14.16.33:812][  0]LogSlate: SlateFontCache - WITH_FREETYPE: 1, WITH_HARFBUZZ: 1
[2018.07.16-14.16.33:812][  0]LogSlate: SlateFontCache - WITH_FREETYPE: 1, WITH_HARFBUZZ: 1
[2018.07.16-14.16.34:233][  0]LogAssetRegistry: FAssetRegistry took 0.0308 seconds to start up
[2018.07.16-14.16.34:470][  0]LogInit: Selected Device Profile: [Windows]
[2018.07.16-14.16.34:699][  0]LogContentStreaming: Texture pool size is 0.00 MB
[2018.07.16-14.16.35:261][  0]LogSimplygon: Simplygon DLL not present - disabling.
[2018.07.16-14.16.35:343][  0]LogMeshReduction: Using SimplygonSwarm for distributed automatic mesh merging
[2018.07.16-14.16.35:343][  0]LogMeshReduction: Using QuadricMeshReduction for automatic static mesh reduction
[2018.07.16-14.16.35:343][  0]LogMeshReduction: No automatic skeletal mesh reduction module available
[2018.07.16-14.16.35:343][  0]LogMeshReduction: No automatic mesh merging module available
[2018.07.16-14.16.35:343][  0]LogMeshMerging: No automatic mesh merging module available
[2018.07.16-14.16.35:866][  0]LogNetVersion: My2DGame , NetCL: 3573198, EngineNetVer: 2, GameNetVer: 0 (Checksum: 2582849305)
[2018.07.16-14.16.36:263][  0]LogPackageLocalizationCache: Processed 5 localized package path(s) for 2 prioritized culture(s) in 0.098506 seconds
[2018.07.16-14.16.36:271][  0]LogUObjectArray: 35825 objects as part of root set at end of initial load.
[2018.07.16-14.16.36:271][  0]LogUObjectAllocator: 7529112 out of 0 bytes used by permanent object pool.
[2018.07.16-14.16.36:271][  0]LogUObjectArray: CloseDisregardForGC: 0/0 objects in disregard for GC pool
[2018.07.16-14.16.36:398][  0]LogInit: WinSock: version 1.1 (2.2), MaxSocks=32767, MaxUdp=65467
[2018.07.16-14.16.40:807][  0]LogTcpMessaging: Initializing TcpMessaging bridge
[2018.07.16-14.16.40:874][  0]LogUdpMessaging: Initializing bridge on interface 0.0.0.0:0 to multicast group 230.0.0.1:6666.
[2018.07.16-14.16.42:065][  0]LogMaterial: Uniform references updated for custom material expression Custom.
[2018.07.16-14.16.42:868][  0]SourceControl: Source control is disabled
[2018.07.16-14.16.42:868][  0]SourceControl: Source control is disabled
[2018.07.16-14.16.42:974][  0]SourceControl: Source control is disabled
[2018.07.16-14.16.43:077][  0]SourceControl: Source control is disabled
[2018.07.16-14.16.44:409][  0]LogAndroidPermission: UAndroidPermissionCallbackProxy::GetInstance
[2018.07.16-14.16.44:958][  0]LogOcInput: OculusInput pre-init called
[2018.07.16-14.16.45:445][  0]LogEngine: Initializing Engine...
[2018.07.16-14.16.45:447][  0]LogHMD: Failed to initialize OpenVR with code 110
[2018.07.16-14.16.45:831][  0]LogStats: UGameplayTagsManager::ConstructGameplayTagTree: Construct from data asset -  0.000 s
[2018.07.16-14.16.45:832][  0]LogStats: UGameplayTagsManager::ConstructGameplayTagTree: GameplayTagTreeChangedEvent.Broadcast -  0.000 s
[2018.07.16-14.16.46:214][  0]LogAIModule: Creating AISystem for world Untitled
[2018.07.16-14.16.46:228][  0]LogInit: XAudio2 using 'Speaker/HP (Realtek High Definition Audio)' : 2 channels at 48 kHz using 32 bits per sample (channel mask 0x3)
[2018.07.16-14.16.46:322][  0]LogInit: FAudioDevice initialized.
[2018.07.16-14.16.46:429][  0]LogDerivedDataCache: Saved boot cache 0.11s 93MB C:/Users/Shash/AppData/Local/UnrealEngine/4.17/DerivedDataCache/Boot.ddc.
[2018.07.16-14.16.46:451][  0]LogInit: Texture streaming: Enabled
[2018.07.16-14.16.46:750][  0]LogEngineSessionManager: EngineSessionManager initialized
[2018.07.16-14.16.47:306][  0]LogInit: Transaction tracking system initialized
[2018.07.16-14.16.48:129][  0]BlueprintLog: New page: Editor Load
[2018.07.16-14.16.50:631][  0]LocalizationService: Localization service is disabled
[2018.07.16-14.16.52:868][  0]LogConsoleResponse: Display: 
[2018.07.16-14.16.53:312][  0]LogCook: Display: Max memory allowance for cook 16384mb min free memory 0mb
[2018.07.16-14.16.53:312][  0]LogCook: Display: Mobile HDR setting 1
[2018.07.16-14.16.53:312][  0]LogGameplayTags: Display: UGameplayTagsManager::DoneAddingNativeTags. DelegateIsBound: 0
[2018.07.16-14.16.54:346][  0]LogFileCache: Scanning file cache for directory 'C:/Users/Shash/Documents/Unreal Projects/My2DGame/Content/' took 0.03s
[2018.07.16-14.16.55:920][  0]SourceControl: Source control is disabled
[2018.07.16-14.16.55:921][  0]Cmd: MAP LOAD FILE="../../../../../Users/Shash/Documents/Unreal Projects/My2DGame/Content/2DSideScrollerBP/Maps/2DSideScrollerExampleMap.umap" TEMPLATE=0 SHOWPROGRESS=1 FEATURELEVEL=3
[2018.07.16-14.16.55:931][  0]LightingResults: New page: Lighting Build
[2018.07.16-14.16.56:034][  0]MapCheck: New page: Map Check
[2018.07.16-14.16.56:034][  0]LightingResults: New page: Lighting Build
[2018.07.16-14.16.57:244][  0]LogTexture: Display: Building textures: Sprite_mainJumping (AutoDXT, 128X128)
[2018.07.16-14.16.57:251][  0]LogAIModule: Creating AISystem for world 2DSideScrollerExampleMap
[2018.07.16-14.16.57:331][  0]LogEditorServer: Finished looking for orphan Actors (0.000 secs)
[2018.07.16-14.16.57:367][  0]Cmd: MAP CHECKDEP NOCLEARLOG
[2018.07.16-14.16.57:492][  0]MapCheck: Map check complete: 0 Error(s), 0 Warning(s), took 126.133ms to complete.
[2018.07.16-14.16.57:492][  0]LogFileHelpers: Loading map '2DSideScrollerExampleMap' took 1.572
[2018.07.16-14.16.57:853][  0]LogCollectionManager: Loaded 0 collections in 0.004510 seconds
[2018.07.16-14.16.58:024][  0]LogFileCache: Scanning file cache for directory 'C:/Users/Shash/Documents/Unreal Projects/My2DGame/Saved/Collections/' took 0.01s
[2018.07.16-14.16.58:024][  0]LogFileCache: Scanning file cache for directory 'C:/Users/Shash/Documents/Unreal Projects/My2DGame/Content/Developers/Shash/Collections/' took 0.01s
[2018.07.16-14.16.58:024][  0]LogFileCache: Scanning file cache for directory 'C:/Users/Shash/Documents/Unreal Projects/My2DGame/Content/Collections/' took 0.01s
[2018.07.16-14.16.58:024][  0]LogCollectionManager: Rebuilt the GUID cache for 0 collections in 0.000001 seconds
[2018.07.16-14.16.58:051][  0]LogContentBrowser: Native class hierarchy populated in 0.0253 seconds. Added 2386 classes and 500 folders.
[2018.07.16-14.16.58:214][  0]LogContentBrowser: Native class hierarchy updated for 'WidgetCarousel' in 0.0008 seconds. Added 0 classes and 0 folders.
[2018.07.16-14.16.58:821][  0]LogContentBrowser: Native class hierarchy updated for 'AddContentDialog' in 0.0012 seconds. Added 0 classes and 0 folders.
[2018.07.16-14.16.58:947][  0]LogContentBrowser: Native class hierarchy updated for 'SceneOutliner' in 0.0014 seconds. Added 1 classes and 2 folders.
[2018.07.16-14.16.59:036][  0]LogSlate: Took 0.000438 seconds to synchronously load lazily loaded font '../../../Engine/Content/Slate/Fonts/Roboto-Regular.ttf' (155K)
[2018.07.16-14.16.59:040][  0]LogSlate: Took 0.000339 seconds to synchronously load lazily loaded font '../../../Engine/Content/Slate/Fonts/Roboto-Bold.ttf' (160K)
[2018.07.16-14.16.59:064][  0]LogSlate: Took 0.008940 seconds to synchronously load lazily loaded font '../../../Engine/Content/Editor/Slate/Fonts/FontAwesome.ttf' (139K)
[2018.07.16-14.16.59:298][  0]LogRenderer: Reallocating scene render targets to support 908x484 Format 9 NumSamples 1 (Frame:1).
[2018.07.16-14.17.00:183][  0]LogContentBrowser: Native class hierarchy updated for 'HierarchicalLODOutliner' in 0.0009 seconds. Added 1 classes and 2 folders.
[2018.07.16-14.17.00:183][  0]LogLoad: (Engine Initialization) Total time: 35.95 seconds
[2018.07.16-14.17.00:183][  0]LogLoad: (Engine Initialization) Total Blueprint compile time: 0.00 seconds
[2018.07.16-14.17.00:205][  0]LogExternalProfiler: No external profilers were discovered.  External profiling features will not be available.
[2018.07.16-14.17.01:072][  0]LogContentStreaming: Texture pool size now 400 MB
[2018.07.16-14.17.01:642][  0]LogSlate: Took 0.041932 seconds to synchronously load lazily loaded font '../../../Engine/Content/Slate/Fonts/Roboto-Light.ttf' (159K)
[2018.07.16-14.17.02:485][  3]LogAssetRegistry: Asset discovery search completed in 28.2745 seconds
[2018.07.16-14.17.02:489][  3]LogCollectionManager: Rebuilt the object cache for 0 collections in 0.000001 seconds (found 0 objects)
[2018.07.16-14.17.02:489][  3]LogCollectionManager: Fixed up redirectors for 0 collections in 0.000111 seconds (updated 0 objects)
[2018.07.16-14.17.22:204][129]LogTemp: Repeating last play command: Selected Viewport
[2018.07.16-14.17.22:303][129]LogBlueprintUserMessages: Early PlayInEditor Detection: Level '/Game/2DSideScrollerBP/Maps/2DSideScrollerExampleMap.2DSideScrollerExampleMap:PersistentLevel' has LevelScriptBlueprint '/Game/2DSideScrollerBP/Maps/2DSideScrollerExampleMap.2DSideScrollerExampleMap:PersistentLevel.2DSideScrollerExampleMap' with GeneratedClass '/Game/2DSideScrollerBP/Maps/2DSideScrollerExampleMap.2DSideScrollerExampleMap_C' with ClassGeneratedBy '/Game/2DSideScrollerBP/Maps/2DSideScrollerExampleMap.2DSideScrollerExampleMap:PersistentLevel.2DSideScrollerExampleMap'
[2018.07.16-14.17.22:304][129]LogPlayLevel: PlayLevel: No blueprints needed recompiling
[2018.07.16-14.17.22:311][129]PIE: New page: PIE session: 2DSideScrollerExampleMap (Jul 16, 2018, 6:17:22 AM)
[2018.07.16-14.17.22:312][129]LogPlayLevel: Creating play world package: /Game/2DSideScrollerBP/Maps/UEDPIE_0_2DSideScrollerExampleMap
[2018.07.16-14.17.22:353][129]LogPlayLevel: PIE: StaticDuplicateObject took: (0.041042s)
[2018.07.16-14.17.22:354][129]LogAIModule: Creating AISystem for world 2DSideScrollerExampleMap
[2018.07.16-14.17.22:355][129]LogPlayLevel: PIE: World Init took: (0.001577s)
[2018.07.16-14.17.22:356][129]LogPlayLevel: PIE: Created PIE world by copying editor world from /Game/2DSideScrollerBP/Maps/2DSideScrollerExampleMap.2DSideScrollerExampleMap to /Game/2DSideScrollerBP/Maps/UEDPIE_0_2DSideScrollerExampleMap.2DSideScrollerExampleMap (0.043970s)
[2018.07.16-14.17.22:383][129]LogInit: XAudio2 using 'Speaker/HP (Realtek High Definition Audio)' : 2 channels at 48 kHz using 32 bits per sample (channel mask 0x3)
[2018.07.16-14.17.22:411][129]LogInit: FAudioDevice initialized.
[2018.07.16-14.17.22:466][129]LogLoad: Game class is '2DSideScrollerGameMode_C'
[2018.07.16-14.17.22:496][129]LogWorld: Bringing World /Game/2DSideScrollerBP/Maps/UEDPIE_0_2DSideScrollerExampleMap.2DSideScrollerExampleMap up for play (max tick rate 60) at 2018.07.16-10.17.22
[2018.07.16-14.17.22:504][129]LogWorld: Bringing up level for play took: 0.026150
[2018.07.16-14.17.22:625][129]LogContentBrowser: Native class hierarchy updated for 'MovieSceneCapture' in 0.0010 seconds. Added 11 classes and 0 folders.
[2018.07.16-14.17.22:629][129]LogBlueprintUserMessages: [2DSideScrollerExampleMap_C_1] Collect all the coins to escape the dungeon!
[2018.07.16-14.17.22:642][129]PIE: Play in editor start time for /Game/2DSideScrollerBP/Maps/UEDPIE_0_2DSideScrollerExampleMap -0.393
[2018.07.16-14.17.22:643][129]LogBlueprintUserMessages: Late PlayInEditor Detection: Level '/Game/2DSideScrollerBP/Maps/2DSideScrollerExampleMap.2DSideScrollerExampleMap:PersistentLevel' has LevelScriptBlueprint '/Game/2DSideScrollerBP/Maps/2DSideScrollerExampleMap.2DSideScrollerExampleMap:PersistentLevel.2DSideScrollerExampleMap' with GeneratedClass '/Game/2DSideScrollerBP/Maps/2DSideScrollerExampleMap.2DSideScrollerExampleMap_C' with ClassGeneratedBy '/Game/2DSideScrollerBP/Maps/2DSideScrollerExampleMap.2DSideScrollerExampleMap:PersistentLevel.2DSideScrollerExampleMap'
[2018.07.16-17.02.41:573][235]LogHttp: Warning: 0000016E5144FA00: request failed, libcurl error: 6 (Couldn't resolve host name)
[2018.07.16-17.02.41:573][235]LogHttp: Warning: 0000016E5144FA00: libcurl info message cache 0 (Connection 3 seems to be dead!)
[2018.07.16-17.02.41:573][235]LogHttp: Warning: 0000016E5144FA00: libcurl info message cache 1 (Closing connection 3)
[2018.07.16-17.02.41:573][235]LogHttp: Warning: 0000016E5144FA00: libcurl info message cache 2 (Could not resolve host: datarouter.ol.epicgames.com)
[2018.07.16-17.02.41:573][235]LogHttp: Warning: 0000016E5144FA00: libcurl info message cache 3 (Closing connection 4)
[2018.07.16-19.10.15:051][236]LogHttp: Warning: 0000016E5144F280: request failed, libcurl error: 6 (Couldn't resolve host name)
[2018.07.16-19.10.15:052][236]LogHttp: Warning: 0000016E5144F280: libcurl info message cache 0 (Connection 17 seems to be dead!)
[2018.07.16-19.10.15:053][236]LogHttp: Warning: 0000016E5144F280: libcurl info message cache 1 (Closing connection 17)
[2018.07.16-19.10.15:053][236]LogHttp: Warning: 0000016E5144F280: libcurl info message cache 2 (Could not resolve host: datarouter.ol.epicgames.com)
[2018.07.16-19.10.15:053][236]LogHttp: Warning: 0000016E5144F280: libcurl info message cache 3 (Closing connection 18)
[2018.07.16-22.01.19:017][441]LogHttp: Warning: 0000016E46553A00: request failed, libcurl error: 6 (Couldn't resolve host name)
[2018.07.16-22.01.19:018][441]LogHttp: Warning: 0000016E46553A00: libcurl info message cache 0 (Connection 26 seems to be dead!)
[2018.07.16-22.01.19:018][441]LogHttp: Warning: 0000016E46553A00: libcurl info message cache 1 (Closing connection 26)
[2018.07.16-22.01.19:018][441]LogHttp: Warning: 0000016E46553A00: libcurl info message cache 2 (Could not resolve host: datarouter.ol.epicgames.com)
[2018.07.16-22.01.19:018][441]LogHttp: Warning: 0000016E46553A00: libcurl info message cache 3 (Closing connection 27)
[2018.07.17-02.54.16:590][444]LogHttp: Warning: 0000016E16BF1900: request failed, libcurl error: 6 (Couldn't resolve host name)
[2018.07.17-02.54.16:594][444]LogHttp: Warning: 0000016E16BF1900: libcurl info message cache 0 (Connection 35 seems to be dead!)
[2018.07.17-02.54.16:594][444]LogHttp: Warning: 0000016E16BF1900: libcurl info message cache 1 (Closing connection 35)
[2018.07.17-02.54.16:594][444]LogHttp: Warning: 0000016E16BF1900: libcurl info message cache 2 (Could not resolve host: datarouter.ol.epicgames.com)
[2018.07.17-02.54.16:594][444]LogHttp: Warning: 0000016E16BF1900: libcurl info message cache 3 (Closing connection 36)
[2018.07.17-02.54.41:863][601]LogBlueprintUserMessages: Early EndPlayMap Detection: Level '/Game/2DSideScrollerBP/Maps/2DSideScrollerExampleMap.2DSideScrollerExampleMap:PersistentLevel' has LevelScriptBlueprint '/Game/2DSideScrollerBP/Maps/2DSideScrollerExampleMap.2DSideScrollerExampleMap:PersistentLevel.2DSideScrollerExampleMap' with GeneratedClass '/Game/2DSideScrollerBP/Maps/2DSideScrollerExampleMap.2DSideScrollerExampleMap_C' with ClassGeneratedBy '/Game/2DSideScrollerBP/Maps/2DSideScrollerExampleMap.2DSideScrollerExampleMap:PersistentLevel.2DSideScrollerExampleMap'
[2018.07.17-02.54.41:954][601]LogBlueprintUserMessages: Late EndPlayMap Detection: Level '/Game/2DSideScrollerBP/Maps/2DSideScrollerExampleMap.2DSideScrollerExampleMap:PersistentLevel' has LevelScriptBlueprint '/Game/2DSideScrollerBP/Maps/2DSideScrollerExampleMap.2DSideScrollerExampleMap:PersistentLevel.2DSideScrollerExampleMap' with GeneratedClass '/Game/2DSideScrollerBP/Maps/2DSideScrollerExampleMap.2DSideScrollerExampleMap_C' with ClassGeneratedBy '/Game/2DSideScrollerBP/Maps/2DSideScrollerExampleMap.2DSideScrollerExampleMap:PersistentLevel.2DSideScrollerExampleMap'
[2018.07.17-02.54.43:347][637]LogWindowsTextInputMethodSystem: Display: IME system now deactivated.
[2018.07.17-02.54.43:716][638]Cmd: QUIT_EDITOR
[2018.07.17-02.54.43:854][638]LogExit: Preparing to exit.
[2018.07.17-02.54.44:833][638]LogDirectoryWatcher: A directory notification for 'C:/Users/Shash/Documents/Unreal Projects/My2DGame/Content/' was aborted.
[2018.07.17-02.54.45:041][638]LogExit: Editor shut down
[2018.07.17-02.54.45:098][638]LogExit: Transaction tracking system shut down
[2018.07.17-02.54.45:410][638]LogDirectoryWatcher: A directory notification for '../../../Engine/Content/' was aborted.
[2018.07.17-02.54.45:410][638]LogDirectoryWatcher: A directory notification for '../../../../../Users/Shash/Documents/Unreal Projects/My2DGame/Content/' was aborted.
[2018.07.17-02.54.45:410][638]LogDirectoryWatcher: A directory notification for '../../../Engine/Plugins/2D/Paper2D/Content/' was aborted.
[2018.07.17-02.54.45:410][638]LogDirectoryWatcher: A directory notification for '../../../Engine/Plugins/Runtime/Oculus/OculusVR/Content/' was aborted.
[2018.07.17-02.54.45:410][638]LogDirectoryWatcher: A directory notification for '../../../Engine/Plugins/Runtime/Steam/SteamVR/Content/' was aborted.
[2018.07.17-02.54.45:635][638]LogExit: Object subsystem successfully closed.
[2018.07.17-02.54.45:679][638]LogD3D11RHI: Shutdown
[2018.07.17-02.54.45:679][638]LogD3D11RHI: CleanupD3DDevice
[2018.07.17-02.54.45:798][638]LogD3D11RHI: ~FD3D11DynamicRHI
[2018.07.17-02.54.45:883][638]LogModuleManager: Shutting down and abandoning module MovieSceneCapture (532)
[2018.07.17-02.54.45:883][638]LogModuleManager: Shutting down and abandoning module HierarchicalLODOutliner (530)
[2018.07.17-02.54.45:883][638]LogModuleManager: Shutting down and abandoning module SceneOutliner (528)
[2018.07.17-02.54.45:883][638]LogModuleManager: Shutting down and abandoning module AddContentDialog (526)
[2018.07.17-02.54.45:884][638]LogDirectoryWatcher: A directory notification for 'C:/Epic Games/UE_4.17/FeaturePacks/' was aborted.
[2018.07.17-02.54.45:901][638]LogModuleManager: Shutting down and abandoning module WidgetCarousel (525)
[2018.07.17-02.54.45:901][638]LogModuleManager: Shutting down and abandoning module EditorWidgets (522)
[2018.07.17-02.54.45:902][638]LogModuleManager: Shutting down and abandoning module CollectionManager (520)
[2018.07.17-02.54.45:902][638]LogDirectoryWatcher: A directory notification for 'C:/Users/Shash/Documents/Unreal Projects/My2DGame/Content/Collections/' was aborted.
[2018.07.17-02.54.45:902][638]LogDirectoryWatcher: A directory notification for 'C:/Users/Shash/Documents/Unreal Projects/My2DGame/Content/Developers/Shash/Collections/' was aborted.
[2018.07.17-02.54.45:902][638]LogDirectoryWatcher: A directory notification for 'C:/Users/Shash/Documents/Unreal Projects/My2DGame/Saved/Collections/' was aborted.
[2018.07.17-02.54.45:902][638]LogModuleManager: Shutting down and abandoning module StatsViewer (518)
[2018.07.17-02.54.45:903][638]LogModuleManager: Shutting down and abandoning module FoliageEdit (516)
[2018.07.17-02.54.45:903][638]LogModuleManager: Shutting down and abandoning module LandscapeEditor (514)
[2018.07.17-02.54.45:905][638]LogModuleManager: Shutting down and abandoning module MeshPaintMode (512)
[2018.07.17-02.54.45:905][638]LogModuleManager: Shutting down and abandoning module SceneDepthPickerMode (510)
[2018.07.17-02.54.45:905][638]LogModuleManager: Shutting down and abandoning module ActorPickerMode (508)
[2018.07.17-02.54.45:905][638]LogModuleManager: Shutting down and abandoning module GeometryMode (506)
[2018.07.17-02.54.45:905][638]LogModuleManager: Shutting down and abandoning module TextureAlignMode (504)
[2018.07.17-02.54.45:905][638]LogModuleManager: Shutting down and abandoning module BspMode (502)
[2018.07.17-02.54.45:906][638]LogModuleManager: Shutting down and abandoning module PIEPreviewDeviceProfileSelector (500)
[2018.07.17-02.54.45:906][638]LogModuleManager: Shutting down and abandoning module HardwareSurvey (498)
[2018.07.17-02.54.45:906][638]LogModuleManager: Shutting down and abandoning module SequenceRecorderSections (496)
[2018.07.17-02.54.45:906][638]LogModuleManager: Shutting down and abandoning module AutomationWorker (494)
[2018.07.17-02.54.45:906][638]LogModuleManager: Shutting down and abandoning module MatineeToLevelSequence (492)
[2018.07.17-02.54.45:907][638]LogModuleManager: Shutting down and abandoning module LevelSequenceEditor (490)
[2018.07.17-02.54.45:910][638]LogModuleManager: Shutting down and abandoning module PlacementMode (489)
[2018.07.17-02.54.45:910][638]LogModuleManager: Shutting down and abandoning module WmfMediaFactory (486)
[2018.07.17-02.54.45:910][638]LogModuleManager: Shutting down and abandoning module WmfMediaEditor (484)
[2018.07.17-02.54.45:910][638]LogModuleManager: Shutting down and abandoning module AvfMediaFactory (482)
[2018.07.17-02.54.45:910][638]LogModuleManager: Shutting down and abandoning module AvfMediaEditor (480)
[2018.07.17-02.54.45:910][638]LogModuleManager: Shutting down and abandoning module AndroidMediaFactory (478)
[2018.07.17-02.54.45:910][638]LogModuleManager: Shutting down and abandoning module Media (477)
[2018.07.17-02.54.45:910][638]LogModuleManager: Shutting down and abandoning module AndroidMediaEditor (474)
[2018.07.17-02.54.45:910][638]LogModuleManager: Shutting down and abandoning module CharacterAI (472)
[2018.07.17-02.54.45:910][638]LogModuleManager: Shutting down and abandoning module AudioCapture (470)
[2018.07.17-02.54.45:910][638]LogModuleManager: Shutting down and abandoning module SequenceRecorder (469)
[2018.07.17-02.54.45:911][638]LogModuleManager: Shutting down and abandoning module SmartSnapping (466)
[2018.07.17-02.54.45:911][638]LogModuleManager: Shutting down and abandoning module SessionServices (464)
[2018.07.17-02.54.45:911][638]LogModuleManager: Shutting down and abandoning module ViewportSnapping (462)
[2018.07.17-02.54.45:911][638]LogModuleManager: Shutting down and abandoning module ViewportInteraction (460)
[2018.07.17-02.54.45:911][638]LogModuleManager: Shutting down and abandoning module ClothPainter (458)
[2018.07.17-02.54.45:914][638]LogModuleManager: Shutting down and abandoning module LogVisualizer (456)
[2018.07.17-02.54.45:915][638]LogModuleManager: Shutting down and abandoning module IntroTutorials (454)
[2018.07.17-02.54.45:917][638]LogModuleManager: Shutting down and abandoning module GameProjectGeneration (453)
[2018.07.17-02.54.45:918][638]LogModuleManager: Shutting down and abandoning module IOSPlatformEditor (450)
[2018.07.17-02.54.45:918][638]LogModuleManager: Shutting down and abandoning module HTML5PlatformEditor (448)
[2018.07.17-02.54.45:918][638]LogModuleManager: Shutting down and abandoning module AndroidPlatformEditor (446)
[2018.07.17-02.54.45:918][638]LogModuleManager: Shutting down and abandoning module AndroidDeviceDetection (445)
[2018.07.17-02.54.46:887][638]LogModuleManager: Shutting down and abandoning module WindowsPlatformEditor (442)
[2018.07.17-02.54.46:887][638]LogModuleManager: Shutting down and abandoning module IOSRuntimeSettings (440)
[2018.07.17-02.54.46:887][638]LogModuleManager: Shutting down and abandoning module AndroidRuntimeSettings (438)
[2018.07.17-02.54.46:887][638]LogModuleManager: Shutting down and abandoning module InputBindingEditor (436)
[2018.07.17-02.54.46:888][638]LogModuleManager: Shutting down and abandoning module MergeActors (434)
[2018.07.17-02.54.46:889][638]LogModuleManager: Shutting down and abandoning module SizeMap (432)
[2018.07.17-02.54.46:889][638]LogModuleManager: Shutting down and abandoning module TreeMap (430)
[2018.07.17-02.54.46:889][638]LogModuleManager: Shutting down and abandoning module ReferenceViewer (428)
[2018.07.17-02.54.46:889][638]LogModuleManager: Shutting down and abandoning module LocalizationDashboard (426)
[2018.07.17-02.54.46:890][638]LogModuleManager: Shutting down and abandoning module LocalizationService (425)
[2018.07.17-02.54.46:891][638]LogModuleManager: Shutting down and abandoning module HardwareTargeting (422)
[2018.07.17-02.54.46:891][638]LogModuleManager: Shutting down and abandoning module DeviceProfileEditor (420)
[2018.07.17-02.54.46:891][638]LogModuleManager: Shutting down and abandoning module UndoHistory (418)
[2018.07.17-02.54.46:891][638]LogModuleManager: Shutting down and abandoning module XmlParser (416)
[2018.07.17-02.54.46:891][638]LogModuleManager: Shutting down and abandoning module Blutility (414)
[2018.07.17-02.54.46:891][638]LogModuleManager: Shutting down and abandoning module ProjectSettingsViewer (412)
[2018.07.17-02.54.46:892][638]LogModuleManager: Shutting down and abandoning module ProjectTargetPlatformEditor (411)
[2018.07.17-02.54.46:893][638]LogModuleManager: Shutting down and abandoning module EditorSettingsViewer (408)
[2018.07.17-02.54.46:894][638]LogModuleManager: Shutting down and abandoning module SettingsEditor (406)
[2018.07.17-02.54.46:895][638]LogModuleManager: Shutting down and abandoning module ProjectLauncher (404)
[2018.07.17-02.54.46:896][638]LogModuleManager: Shutting down and abandoning module SessionFrontend (402)
[2018.07.17-02.54.46:896][638]LogModuleManager: Shutting down and abandoning module ProfilerClient (400)
[2018.07.17-02.54.46:896][638]LogModuleManager: Shutting down and abandoning module DeviceManager (398)
[2018.07.17-02.54.46:897][638]LogModuleManager: Shutting down and abandoning module TargetDeviceServices (397)
[2018.07.17-02.54.46:954][638]LogModuleManager: Shutting down and abandoning module AutomationController (394)
[2018.07.17-02.54.46:955][638]LogModuleManager: Shutting down and abandoning module AutomationWindow (392)
[2018.07.17-02.54.46:956][638]LogModuleManager: Shutting down and abandoning module Layers (390)
[2018.07.17-02.54.46:958][638]LogModuleManager: Shutting down and abandoning module ComponentVisualizers (388)
[2018.07.17-02.54.46:958][638]LogModuleManager: Shutting down and abandoning module DetailCustomizations (386)
[2018.07.17-02.54.46:960][638]LogModuleManager: Shutting down and abandoning module PackagesDialog (384)
[2018.07.17-02.54.46:960][638]LogModuleManager: Shutting down and abandoning module Persona (382)
[2018.07.17-02.54.46:962][638]LogModuleManager: Shutting down and abandoning module AdvancedPreviewScene (381)
[2018.07.17-02.54.46:962][638]LogModuleManager: Shutting down and abandoning module AnimGraph (379)
[2018.07.17-02.54.46:962][638]LogModuleManager: Shutting down and abandoning module Kismet (376)
[2018.07.17-02.54.46:964][638]LogModuleManager: Shutting down and abandoning module ClassViewer (374)
[2018.07.17-02.54.46:964][638]LogModuleManager: Shutting down and abandoning module Toolbox (372)
[2018.07.17-02.54.46:964][638]LogModuleManager: Shutting down and abandoning module ModuleUI (370)
[2018.07.17-02.54.46:964][638]LogModuleManager: Shutting down and abandoning module MovieSceneTools (368)
[2018.07.17-02.54.46:965][638]LogModuleManager: Shutting down and abandoning module OutputLog (366)
[2018.07.17-02.54.46:966][638]LogModuleManager: Shutting down and abandoning module GammaUI (364)
[2018.07.17-02.54.46:966][638]LogModuleManager: Shutting down and abandoning module Documentation (362)
[2018.07.17-02.54.46:966][638]LogModuleManager: Shutting down and abandoning module MovieSceneTracks (360)
[2018.07.17-02.54.46:966][638]LogModuleManager: Shutting down and abandoning module MovieScene (358)
[2018.07.17-02.54.46:966][638]LogModuleManager: Shutting down and abandoning module Niagara (356)
[2018.07.17-02.54.46:966][638]LogModuleManager: Shutting down and abandoning module NiagaraEditor (355)
[2018.07.17-02.54.46:968][638]LogModuleManager: Shutting down and abandoning module StreamingPauseRendering (352)
[2018.07.17-02.54.46:968][638]LogModuleManager: Shutting down and abandoning module LauncherPlatform (350)
[2018.07.17-02.54.46:968][638]LogModuleManager: Shutting down and abandoning module AnalyticsET (348)
[2018.07.17-02.54.46:968][638]LogModuleManager: Shutting down and abandoning module PortalServices (346)
[2018.07.17-02.54.46:968][638]LogModuleManager: Shutting down and abandoning module PortalRpc (344)
[2018.07.17-02.54.46:968][638]LogModuleManager: Shutting down and abandoning module MessagingRpc (342)
[2018.07.17-02.54.46:968][638]LogModuleManager: Shutting down and abandoning module AIModule (340)
[2018.07.17-02.54.46:968][638]LogModuleManager: Shutting down and abandoning module GameplayDebugger (339)
[2018.07.17-02.54.46:968][638]LogModuleManager: Shutting down and abandoning module AITestSuite (337)
[2018.07.17-02.54.46:969][638]LogModuleManager: Shutting down and abandoning module ProfilerService (334)
[2018.07.17-02.54.47:020][638]LogModuleManager: Shutting down and abandoning module TaskGraph (332)
[2018.07.17-02.54.47:021][638]LogModuleManager: Shutting down and abandoning module SteamVRController (330)
[2018.07.17-02.54.47:021][638]LogModuleManager: Shutting down and abandoning module ProceduralMeshComponentEditor (328)
[2018.07.17-02.54.47:021][638]LogModuleManager: Shutting down and abandoning module ProceduralMeshComponent (326)
[2018.07.17-02.54.47:022][638]LogModuleManager: Shutting down and abandoning module OculusInput (324)
[2018.07.17-02.54.47:022][638]LogModuleManager: Shutting down and abandoning module MobilePatchingUtils (322)
[2018.07.17-02.54.47:022][638]LogModuleManager: Shutting down and abandoning module CustomMeshComponent (320)
[2018.07.17-02.54.47:022][638]LogModuleManager: Shutting down and abandoning module CableComponent (318)
[2018.07.17-02.54.47:022][638]LogModuleManager: Shutting down and abandoning module ArchVisCharacter (316)
[2018.07.17-02.54.47:022][638]LogModuleManager: Shutting down and abandoning module AndroidPermission (314)
[2018.07.17-02.54.47:022][638]LogModuleManager: Shutting down and abandoning module MediaPlayerEditor (310)
[2018.07.17-02.54.47:024][638]LogModuleManager: Shutting down and abandoning module HTML5Networking (308)
[2018.07.17-02.54.47:024][638]LogModuleManager: Shutting down and abandoning module AlembicImporter (306)
[2018.07.17-02.54.47:024][638]LogModuleManager: Shutting down and abandoning module AlembicLibrary (305)
[2018.07.17-02.54.47:024][638]LogModuleManager: Shutting down and abandoning module GeometryCache (304)
[2018.07.17-02.54.47:024][638]LogModuleManager: Shutting down and abandoning module GeometryCacheEd (303)
[2018.07.17-02.54.47:024][638]LogModuleManager: Shutting down and abandoning module SpeedTreeImporter (298)
[2018.07.17-02.54.47:024][638]LogModuleManager: Shutting down and abandoning module PluginBrowser (296)
[2018.07.17-02.54.47:026][638]LogModuleManager: Shutting down and abandoning module MobileLauncherProfileWizard (294)
[2018.07.17-02.54.47:026][638]LogModuleManager: Shutting down and abandoning module VisualStudioSourceCodeAccess (292)
[2018.07.17-02.54.47:027][638]LogModuleManager: Shutting down and abandoning module DesktopPlatform (291)
[2018.07.17-02.54.47:027][638]LogModuleManager: Shutting down and abandoning module UObjectPlugin (288)
[2018.07.17-02.54.47:027][638]LogModuleManager: Shutting down and abandoning module SubversionSourceControl (286)
[2018.07.17-02.54.47:027][638]LogModuleManager: Shutting down and abandoning module PerforceSourceControl (284)
[2018.07.17-02.54.47:029][638]LogModuleManager: Shutting down and abandoning module GitSourceControl (282)
[2018.07.17-02.54.47:029][638]LogModuleManager: Shutting down and abandoning module SourceControl (281)
[2018.07.17-02.54.47:030][638]LogModuleManager: Shutting down and abandoning module LightPropagationVolumeEditor (278)
[2018.07.17-02.54.47:030][638]LogModuleManager: Shutting down and abandoning module PaperTiledImporter (276)
[2018.07.17-02.54.47:030][638]LogModuleManager: Shutting down and abandoning module PaperSpriteSheetImporter (274)
[2018.07.17-02.54.47:030][638]LogModuleManager: Shutting down and abandoning module Paper2DEditor (272)
[2018.07.17-02.54.47:031][638]LogModuleManager: Shutting down and abandoning module MeshPaint (271)
[2018.07.17-02.54.47:031][638]LogModuleManager: Shutting down and abandoning module LevelEditor (269)
[2018.07.17-02.54.47:034][638]LogModuleManager: Shutting down and abandoning module PixelInspectorModule (268)
[2018.07.17-02.54.47:034][638]LogModuleManager: Shutting down and abandoning module MainFrame (266)
[2018.07.17-02.54.47:035][638]LogModuleManager: Shutting down and abandoning module HotReload (265)
[2018.07.17-02.54.47:037][638]LogModuleManager: Shutting down and abandoning module RuntimePhysXCooking (260)
[2018.07.17-02.54.47:037][638]LogModuleManager: Shutting down and abandoning module PhysXVehiclesEditor (258)
[2018.07.17-02.54.47:037][638]LogModuleManager: Shutting down and abandoning module PhysXVehicles (256)
[2018.07.17-02.54.47:037][638]LogModuleManager: Shutting down and abandoning module OculusEditor (254)
[2018.07.17-02.54.47:037][638]LogModuleManager: Shutting down and abandoning module LocationServicesBPLibrary (252)
[2018.07.17-02.54.47:037][638]LogModuleManager: Shutting down and abandoning module ImmediatePhysicsEditor (250)
[2018.07.17-02.54.47:037][638]LogModuleManager: Shutting down and abandoning module ImmediatePhysics (248)
[2018.07.17-02.54.47:037][638]LogModuleManager: Shutting down and abandoning module UdpMessaging (246)
[2018.07.17-02.54.47:139][638]LogModuleManager: Shutting down and abandoning module TcpMessaging (244)
[2018.07.17-02.54.47:240][638]LogModuleManager: Shutting down and abandoning module GameplayTagsEditor (242)
[2018.07.17-02.54.47:241][638]LogModuleManager: Shutting down and abandoning module FacialAnimationEditor (240)
[2018.07.17-02.54.47:241][638]LogModuleManager: Shutting down and abandoning module FacialAnimation (238)
[2018.07.17-02.54.47:241][638]LogModuleManager: Shutting down and abandoning module AssetManagerEditor (236)
[2018.07.17-02.54.47:242][638]LogModuleManager: Shutting down and abandoning module GraphEditor (235)
[2018.07.17-02.54.47:244][638]LogModuleManager: Shutting down and abandoning module ContentBrowser (233)
[2018.07.17-02.54.47:246][638]LogModuleManager: Shutting down and abandoning module LightPropagationVolumeRuntime (230)
[2018.07.17-02.54.47:246][638]LogModuleManager: Shutting down and abandoning module Paper2D (228)
[2018.07.17-02.54.47:246][638]LogModuleManager: Shutting down and abandoning module WindowsMoviePlayer (226)
[2018.07.17-02.54.47:247][638]LogModuleManager: Shutting down and abandoning module WmfMedia (224)
[2018.07.17-02.54.47:249][638]LogModuleManager: Shutting down and abandoning module PacketHandler (222)
[2018.07.17-02.54.47:250][638]LogModuleManager: Shutting down and abandoning module ClothingSystemEditor (220)
[2018.07.17-02.54.47:250][638]LogModuleManager: Shutting down and abandoning module ClothingSystemRuntime (218)
[2018.07.17-02.54.47:251][638]LogModuleManager: Shutting down and abandoning module Overlay (216)
[2018.07.17-02.54.47:251][638]LogModuleManager: Shutting down and abandoning module OverlayEditor (215)
[2018.07.17-02.54.47:251][638]LogModuleManager: Shutting down and abandoning module MediaAssets (212)
[2018.07.17-02.54.47:251][638]LogModuleManager: Shutting down and abandoning module VREditor (210)
[2018.07.17-02.54.47:252][638]LogModuleManager: Shutting down and abandoning module StringTableEditor (208)
[2018.07.17-02.54.47:252][638]LogModuleManager: Shutting down and abandoning module GameplayTasksEditor (206)
[2018.07.17-02.54.47:252][638]LogModuleManager: Shutting down and abandoning module BehaviorTreeEditor (204)
[2018.07.17-02.54.47:253][638]LogModuleManager: Shutting down and abandoning module FunctionalTesting (202)
[2018.07.17-02.54.47:253][638]LogModuleManager: Shutting down and abandoning module CollisionAnalyzer (200)
[2018.07.17-02.54.47:254][638]LogModuleManager: Shutting down and abandoning module WorkspaceMenuStructure (199)
[2018.07.17-02.54.47:254][638]LogModuleManager: Shutting down and abandoning module UMG (196)
[2018.07.17-02.54.47:255][638]LogModuleManager: Shutting down and abandoning module UMGEditor (195)
[2018.07.17-02.54.47:256][638]LogModuleManager: Shutting down and abandoning module Sequencer (194)
[2018.07.17-02.54.47:256][638]LogModuleManager: Shutting down and abandoning module MessageLog (191)
[2018.07.17-02.54.47:257][638]LogModuleManager: Shutting down and abandoning module SlateReflector (186)
[2018.07.17-02.54.47:259][638]LogModuleManager: Shutting down and abandoning module Slate (184)
[2018.07.17-02.54.47:259][638]LogModuleManager: Shutting down and abandoning module EditorStyle (182)
[2018.07.17-02.54.47:266][638]LogModuleManager: Shutting down and abandoning module MRMesh (180)
[2018.07.17-02.54.47:266][638]LogModuleManager: Shutting down and abandoning module SourceCodeAccess (178)
[2018.07.17-02.54.47:266][638]LogModuleManager: Shutting down and abandoning module HeadMountedDisplay (176)
[2018.07.17-02.54.47:266][638]LogModuleManager: Shutting down and abandoning module XAudio2 (174)
[2018.07.17-02.54.47:266][638]LogModuleManager: Shutting down and abandoning module Networking (172)
[2018.07.17-02.54.47:266][638]LogModuleManager: Shutting down and abandoning module Core (168)
[2018.07.17-02.54.47:266][638]LogModuleManager: Shutting down and abandoning module KismetCompiler (164)
[2018.07.17-02.54.47:266][638]LogModuleManager: Shutting down and abandoning module LevelSequence (162)
[2018.07.17-02.54.47:266][638]LogModuleManager: Shutting down and abandoning module MeshUtilities (160)
[2018.07.17-02.54.47:267][638]LogModuleManager: Shutting down and abandoning module MeshMergeUtilities (159)
[2018.07.17-02.54.47:268][638]LogModuleManager: Shutting down and abandoning module MeshReductionInterface (158)
[2018.07.17-02.54.47:268][638]LogModuleManager: Shutting down and abandoning module SimplygonSwarm (157)
[2018.07.17-02.54.47:268][638]LogModuleManager: Shutting down and abandoning module SimplygonMeshReduction (155)
[2018.07.17-02.54.47:268][638]LogModuleManager: Shutting down and abandoning module QuadricMeshReduction (153)
[2018.07.17-02.54.47:269][638]LogModuleManager: Shutting down and abandoning module MaterialBaking (149)
[2018.07.17-02.54.47:269][638]LogModuleManager: Shutting down and abandoning module DirectoryWatcher (146)
[2018.07.17-02.54.47:278][638]LogModuleManager: Shutting down and abandoning module DerivedDataCache (144)
[2018.07.17-02.54.47:358][638]LogDerivedDataCache: Shutdown
[2018.07.17-02.54.47:359][638]LogModuleManager: Shutting down and abandoning module TargetPlatform (142)
[2018.07.17-02.54.47:359][638]LogModuleManager: Shutting down and abandoning module VulkanShaderFormat (141)
[2018.07.17-02.54.47:360][638]LogModuleManager: Shutting down and abandoning module ShaderFormatVectorVM (139)
[2018.07.17-02.54.47:360][638]LogModuleManager: Shutting down and abandoning module ShaderFormatOpenGL (137)
[2018.07.17-02.54.47:361][638]LogModuleManager: Shutting down and abandoning module ShaderFormatD3D (135)
[2018.07.17-02.54.47:361][638]LogModuleManager: Shutting down and abandoning module MetalShaderFormat (133)
[2018.07.17-02.54.47:362][638]LogModuleManager: Shutting down and abandoning module TextureFormatUncompressed (131)
[2018.07.17-02.54.47:362][638]LogModuleManager: Shutting down and abandoning module TextureFormatPVR (129)
[2018.07.17-02.54.47:362][638]LogModuleManager: Shutting down and abandoning module TextureFormatDXT (127)
[2018.07.17-02.54.47:362][638]LogModuleManager: Shutting down and abandoning module TextureFormatIntelISPCTexComp (125)
[2018.07.17-02.54.47:363][638]LogModuleManager: Shutting down and abandoning module TextureFormatASTC (123)
[2018.07.17-02.54.47:363][638]LogModuleManager: Shutting down and abandoning module ImageWrapper (122)
[2018.07.17-02.54.47:363][638]LogModuleManager: Shutting down and abandoning module TextureFormatAndroid (119)
[2018.07.17-02.54.47:363][638]LogModuleManager: Shutting down and abandoning module AudioFormatOpus (117)
[2018.07.17-02.54.47:363][638]LogModuleManager: Shutting down and abandoning module AudioFormatOgg (115)
[2018.07.17-02.54.47:363][638]LogModuleManager: Shutting down and abandoning module AudioFormatADPCM (113)
[2018.07.17-02.54.47:363][638]LogModuleManager: Shutting down and abandoning module LinuxTargetPlatform (111)
[2018.07.17-02.54.47:363][638]LogModuleManager: Shutting down and abandoning module LinuxServerTargetPlatform (109)
[2018.07.17-02.54.47:363][638]LogModuleManager: Shutting down and abandoning module LinuxNoEditorTargetPlatform (107)
[2018.07.17-02.54.47:363][638]LogModuleManager: Shutting down and abandoning module LinuxClientTargetPlatform (105)
[2018.07.17-02.54.47:363][638]LogModuleManager: Shutting down and abandoning module TVOSTargetPlatform (103)
[2018.07.17-02.54.47:363][638]LogModuleManager: Shutting down and abandoning module Messaging (101)
[2018.07.17-02.54.47:363][638]LogModuleManager: Shutting down and abandoning module IOSTargetPlatform (99)
[2018.07.17-02.54.47:363][638]LogModuleManager: Shutting down and abandoning module HTML5TargetPlatform (97)
[2018.07.17-02.54.47:363][638]LogModuleManager: Shutting down and abandoning module Android_PVRTCTargetPlatform (95)
[2018.07.17-02.54.47:364][638]LogModuleManager: Shutting down and abandoning module Android_MultiTargetPlatform (93)
[2018.07.17-02.54.47:364][638]LogModuleManager: Shutting down and abandoning module Android_ETC2TargetPlatform (91)
[2018.07.17-02.54.47:364][638]LogModuleManager: Shutting down and abandoning module Android_ETC1TargetPlatform (89)
[2018.07.17-02.54.47:364][638]LogModuleManager: Shutting down and abandoning module Android_DXTTargetPlatform (87)
[2018.07.17-02.54.47:364][638]LogModuleManager: Shutting down and abandoning module Android_ATCTargetPlatform (85)
[2018.07.17-02.54.47:364][638]LogModuleManager: Shutting down and abandoning module Android_ASTCTargetPlatform (83)
[2018.07.17-02.54.47:364][638]LogModuleManager: Shutting down and abandoning module AndroidTargetPlatform (81)
[2018.07.17-02.54.47:364][638]LogModuleManager: Shutting down and abandoning module WindowsTargetPlatform (79)
[2018.07.17-02.54.47:364][638]LogModuleManager: Shutting down and abandoning module WindowsServerTargetPlatform (77)
[2018.07.17-02.54.47:364][638]LogModuleManager: Shutting down and abandoning module WindowsNoEditorTargetPlatform (75)
[2018.07.17-02.54.47:364][638]LogModuleManager: Shutting down and abandoning module WindowsClientTargetPlatform (73)
[2018.07.17-02.54.47:364][638]LogModuleManager: Shutting down and abandoning module MacTargetPlatform (71)
[2018.07.17-02.54.47:364][638]LogModuleManager: Shutting down and abandoning module MacServerTargetPlatform (69)
[2018.07.17-02.54.47:364][638]LogModuleManager: Shutting down and abandoning module MacNoEditorTargetPlatform (67)
[2018.07.17-02.54.47:364][638]LogModuleManager: Shutting down and abandoning module MacClientTargetPlatform (65)
[2018.07.17-02.54.47:364][638]LogModuleManager: Shutting down and abandoning module AllDesktopTargetPlatform (63)
[2018.07.17-02.54.47:364][638]LogModuleManager: Shutting down and abandoning module InputCore (60)
[2018.07.17-02.54.47:364][638]LogModuleManager: Shutting down and abandoning module Settings (58)
[2018.07.17-02.54.47:365][638]LogModuleManager: Shutting down and abandoning module PhysXCooking (56)
[2018.07.17-02.54.47:365][638]LogModuleManager: Shutting down and abandoning module SteamVR (54)
[2018.07.17-02.54.47:365][638]LogModuleManager: Shutting down and abandoning module OculusHMD (52)
[2018.07.17-02.54.47:365][638]LogModuleManager: Shutting down and abandoning module ExampleDeviceProfileSelector (50)
[2018.07.17-02.54.47:365][638]LogModuleManager: Shutting down and abandoning module OnlineBlueprintSupport (48)
[2018.07.17-02.54.47:365][638]LogModuleManager: Shutting down and abandoning module OnlineSubsystem (44)
[2018.07.17-02.54.47:365][638]LogOnline: Display: Unloading online subsystem: NULL
[2018.07.17-02.54.47:366][638]LogModuleManager: Shutting down and abandoning module XMPP (43)
[2018.07.17-02.54.47:367][638]LogModuleManager: Shutting down and abandoning module HTTP (41)
[2018.07.17-02.54.47:367][638]LogHttp: Display: Http module shutting down, but needs to wait on 1 outstanding Http requests:
[2018.07.17-02.54.47:368][638]LogHttp: Display: 	verb=[POST] url=[https://datarouter.ol.epicgames.com/datarouter/api/v1/public/data?SessionID=%7BF4C2E324-45E3-BE7B-7C00-448217C4AAF5%7D&AppID=UEEditor.Rocket.Release&AppVersion=4.17.1-3586342%2B%2B%2BUE4%2BRelease-4.17&UserID=a596c20f46b73a9decf16297744fe2fe%7Cff085e88b05e4921837d08ee1167414f%7C10faf2bf-bb0b-4672-bd75-c2912f495b91&AppEnvironment=datacollector-binary&UploadType=eteventstream] status=Processing
[2018.07.17-02.54.47:387][638]LogModuleManager: Shutting down and abandoning module SSL (40)
[2018.07.17-02.54.47:389][638]LogModuleManager: Shutting down and abandoning module AnimationModifiers (36)
[2018.07.17-02.54.47:390][638]LogModuleManager: Shutting down and abandoning module PropertyEditor (35)
[2018.07.17-02.54.47:390][638]LogModuleManager: Shutting down and abandoning module AudioEditor (32)
[2018.07.17-02.54.47:391][638]LogModuleManager: Shutting down and abandoning module TextureCompressor (30)
[2018.07.17-02.54.47:391][638]LogModuleManager: Shutting down and abandoning module ShaderCore (28)
[2018.07.17-02.54.47:391][638]LogModuleManager: Shutting down and abandoning module Landscape (26)
[2018.07.17-02.54.47:391][638]LogModuleManager: Shutting down and abandoning module SlateRHIRenderer (24)
[2018.07.17-02.54.47:403][638]LogModuleManager: Shutting down and abandoning module OpenGLDrv (22)
[2018.07.17-02.54.47:403][638]LogModuleManager: Shutting down and abandoning module D3D11RHI (20)
[2018.07.17-02.54.47:403][638]LogModuleManager: Shutting down and abandoning module AnimGraphRuntime (18)
[2018.07.17-02.54.47:404][638]LogModuleManager: Shutting down and abandoning module Renderer (16)
[2018.07.17-02.54.47:404][638]LogModuleManager: Shutting down and abandoning module Engine (14)
[2018.07.17-02.54.47:404][638]LogModuleManager: Shutting down and abandoning module CoreUObject (12)
[2018.07.17-02.54.47:404][638]LogModuleManager: Shutting down and abandoning module NetworkFile (10)
[2018.07.17-02.54.47:404][638]LogModuleManager: Shutting down and abandoning module CookedIterativeFile (8)
[2018.07.17-02.54.47:404][638]LogModuleManager: Shutting down and abandoning module StreamingFile (6)
[2018.07.17-02.54.47:405][638]LogModuleManager: Shutting down and abandoning module SandboxFile (4)
[2018.07.17-02.54.47:405][638]LogModuleManager: Shutting down and abandoning module PakFile (2)
[2018.07.17-02.54.47:408][638]LogExit: Exiting.
[2018.07.17-02.54.47:441][638]Log file closed, 07/16/18 22:54:47
