Log file open, 12/18/17 14:42:26
LogWindows: LoadLibraryWithSearchPaths failed for file aqProf.dll. GetLastError=0
LogWindows: LoadLibraryWithSearchPaths failed for file VSPerf140.dll. GetLastError=0
LogWindows: LoadLibraryWithSearchPaths failed for file VtuneApi.dll. GetLastError=0
LogWindows: LoadLibraryWithSearchPaths failed for file VtuneApi32e.dll. GetLastError=0
LogInit: Display: Running engine for game: My2DGame
LogPlatformFile: Not using cached read wrapper
LogInit: Display: RandInit(-1579695795) SRandInit(-1579695795).
LogTaskGraph: Started task graph with 5 named threads and 8 total threads with 3 sets of task threads.
LogStats: Stats thread started at 0.115247
LogD3D11RHI: Aftermath initialized
LogPluginManager: Mounting plugin Paper2D
LogPluginManager: Mounting plugin LightPropagationVolume
LogPluginManager: Mounting plugin CodeLiteSourceCodeAccess
LogPluginManager: Mounting plugin GitSourceControl
LogPluginManager: Mounting plugin KDevelopSourceCodeAccess
LogPluginManager: Mounting plugin NullSourceCodeAccess
LogPluginManager: Mounting plugin PerforceSourceControl
LogPluginManager: Mounting plugin SubversionSourceControl
LogPluginManager: Mounting plugin UObjectPlugin
LogPluginManager: Mounting plugin VisualStudioSourceCodeAccess
LogPluginManager: Mounting plugin XCodeSourceCodeAccess
LogPluginManager: Mounting plugin AssetManagerEditor
LogPluginManager: Mounting plugin AudioCapture
LogPluginManager: Mounting plugin FacialAnimation
LogPluginManager: Mounting plugin GameplayTagsEditor
LogPluginManager: Mounting plugin MobileLauncherProfileWizard
LogPluginManager: Mounting plugin PluginBrowser
LogPluginManager: Mounting plugin SpeedTreeImporter
LogPluginManager: Mounting plugin AlembicImporter
LogPluginManager: Mounting plugin CharacterAI
LogPluginManager: Mounting plugin HTML5Networking
LogPluginManager: Mounting plugin AndroidMedia
LogPluginManager: Mounting plugin AvfMedia
LogPluginManager: Mounting plugin MediaPlayerEditor
LogPluginManager: Mounting plugin WmfMedia
LogPluginManager: Mounting plugin TcpMessaging
LogPluginManager: Mounting plugin UdpMessaging
LogPluginManager: Mounting plugin LevelSequenceEditor
LogPluginManager: Mounting plugin MatineeToLevelSequence
LogPluginManager: Mounting plugin OnlineSubsystemGooglePlay
LogPluginManager: Mounting plugin OnlineSubsystemIOS
LogPluginManager: Mounting plugin OnlineSubsystem
LogPluginManager: Mounting plugin OnlineSubsystemNull
LogPluginManager: Mounting plugin OnlineSubsystemUtils
LogPluginManager: Mounting plugin AndroidDeviceProfileSelector
LogPluginManager: Mounting plugin AndroidMoviePlayer
LogPluginManager: Mounting plugin AndroidPermission
LogPluginManager: Mounting plugin AppleMoviePlayer
LogPluginManager: Mounting plugin ArchVisCharacter
LogPluginManager: Mounting plugin CableComponent
LogPluginManager: Mounting plugin CustomMeshComponent
LogPluginManager: Mounting plugin ExampleDeviceProfileSelector
LogPluginManager: Mounting plugin GoogleCloudMessaging
LogPluginManager: Mounting plugin ImmediatePhysics
LogPluginManager: Mounting plugin IOSDeviceProfileSelector
LogPluginManager: Mounting plugin LinuxDeviceProfileSelector
LogPluginManager: Mounting plugin LocationServicesBPLibrary
LogPluginManager: Mounting plugin MobilePatchingUtils
LogPluginManager: Mounting plugin OculusVR
LogPluginManager: Mounting plugin PhysXVehicles
LogPluginManager: Mounting plugin ProceduralMeshComponent
LogPluginManager: Mounting plugin RuntimePhysXCooking
LogPluginManager: Mounting plugin SteamVR
LogPluginManager: Mounting plugin WindowsMoviePlayer
LogInit: Using libcurl 7.47.1
LogInit:  - built for x86_64-pc-win32
LogInit:  - supports SSL with OpenSSL/1.0.2g
LogInit:  - supports HTTP deflate (compression) using libz 1.2.8
LogInit:  - other features:
LogInit:      CURL_VERSION_SSL
LogInit:      CURL_VERSION_LIBZ
LogInit:      CURL_VERSION_IPV6
LogInit:      CURL_VERSION_ASYNCHDNS
LogInit:      CURL_VERSION_LARGEFILE
LogInit:      CURL_VERSION_IDN
LogInit:  CurlRequestOptions (configurable via config and command line):
LogInit:  - bVerifyPeer = false  - Libcurl will NOT verify peer certificate
LogInit:  - bUseHttpProxy = false  - Libcurl will NOT use HTTP proxy
LogInit:  - bDontReuseConnections = false  - Libcurl will reuse connections
LogInit:  - CertBundlePath = nullptr  - Libcurl will use whatever was configured at build time.
LogInit: Build: ++UE4+Release-4.17-CL-3586342
LogInit: Engine Version: 4.17.1-3586342+++UE4+Release-4.17
LogInit: Compatible Engine Version: 4.17.0-3573198+++UE4+Release-4.17
LogInit: Net CL: 3573198
LogDevObjectVersion: Number of dev versions registered: 16
LogDevObjectVersion:   Dev-Blueprints (B0D832E4-1F89-4F0D-ACCF-7EB736FD4AA2): 10
LogDevObjectVersion:   Dev-Build (E1C64328-A22C-4D53-A36C-8E866417BD8C): 0
LogDevObjectVersion:   Dev-Core (375EC13C-06E4-48FB-B500-84F0262A717E): 2
LogDevObjectVersion:   Dev-Editor (E4B068ED-F494-42E9-A231-DA0B2E46BB41): 20
LogDevObjectVersion:   Dev-Framework (CFFC743F-43B0-4480-9391-14DF171D2073): 28
LogDevObjectVersion:   Dev-Mobile (B02B49B5-BB20-44E9-A304-32B752E40360): 0
LogDevObjectVersion:   Dev-Networking (A4E4105C-59A1-49B5-A7C5-40C4547EDFEE): 0
LogDevObjectVersion:   Dev-Online (39C831C9-5AE6-47DC-9A44-9C173E1C8E7C): 0
LogDevObjectVersion:   Dev-Physics (78F01B33-EBEA-4F98-B9B4-84EACCB95AA2): 0
LogDevObjectVersion:   Dev-Platform (6631380F-2D4D-43E0-8009-CF276956A95A): 0
LogDevObjectVersion:   Dev-Rendering (12F88B9F-8875-4AFC-A67C-D90C383ABD29): 19
LogDevObjectVersion:   Dev-Sequencer (7B5AE74C-D270-4C10-A958-57980B212A5A): 4
LogDevObjectVersion:   Dev-VR (D7296918-1DD6-4BDD-9DE2-64A83CC13884): 0
LogDevObjectVersion:   Dev-LoadTimes (C2A15278-BFE7-4AFE-6C17-90FF531DF755): 1
LogDevObjectVersion:   Private-Geometry (6EACA3D4-40EC-4CC1-B786-8BED09428FC5): 1
LogDevObjectVersion:   Dev-AnimPhys (29E575DD-E0A3-4627-9D10-D276232CDCEA): 7
LogInit: Compiled (64-bit): Aug 15 2017 02:05:26
LogInit: Compiled with Visual C++: 19.00.24215.01
LogInit: Build Configuration: Development
LogInit: Branch Name: ++UE4+Release-4.17
LogInit: Command line:  
LogInit: Base directory: C:/Epic Games/UE_4.17/Engine/Binaries/Win64/
LogInit: Installed Engine Build: 1
LogInit: Presizing for max 8388607 objects, including 0 objects not considered by GC, pre-allocating 0 bytes for permanent pool.
LogInit: Object subsystem initialized
[2017.12.18-20.42.27:552][  0]LogInit: Selected Device Profile: [Windows]
[2017.12.18-20.42.27:552][  0]LogInit: Applying CVar settings loaded from the selected device profile: [Windows]
[2017.12.18-20.42.27:568][  0]LogInit: Computer: SHASHWATHISBAD
[2017.12.18-20.42.27:568][  0]LogInit: User: Shash
[2017.12.18-20.42.27:568][  0]LogInit: CPU Page size=4096, Cores=2
[2017.12.18-20.42.27:568][  0]LogInit: High frequency timer resolution =2.533307 MHz
[2017.12.18-20.42.27:569][  0]LogMemory: Memory total: Physical=7.7GB (8GB approx)
[2017.12.18-20.42.27:569][  0]LogMemory: Platform Memory Stats for Windows
[2017.12.18-20.42.27:569][  0]LogMemory: Process Physical Memory: 276.82 MB used, 276.82 MB peak
[2017.12.18-20.42.27:569][  0]LogMemory: Process Virtual Memory: 275.89 MB used, 275.89 MB peak
[2017.12.18-20.42.27:569][  0]LogMemory: Physical Memory: 4091.57 MB used,  3797.22 MB free, 7888.79 MB total
[2017.12.18-20.42.27:569][  0]LogMemory: Virtual Memory: 666.89 MB used,  3797.22 MB free, 134217728.00 MB total
[2017.12.18-20.42.27:746][  0]LogInit: Using OS detected language (en-US).
[2017.12.18-20.42.27:746][  0]LogInit: Using OS detected locale (en-US).
[2017.12.18-20.42.27:749][  0]LogTextLocalizationManager: No specific localization for 'en-US' exists, so the 'en' localization will be used.
[2017.12.18-20.42.28:528][  0]LogD3D11RHI: D3D11 adapters:
[2017.12.18-20.42.28:532][  0]LogD3D11RHI:    0. 'Intel(R) HD Graphics 4000' (Feature Level 11_0)
[2017.12.18-20.42.28:532][  0]LogD3D11RHI:       32/0/1760 MB DedicatedVideo/DedicatedSystem/SharedSystem, Outputs:1, VendorId:0x8086
[2017.12.18-20.42.28:533][  0]LogD3D11RHI:    1. 'Microsoft Basic Render Driver' (Feature Level 11_0)
[2017.12.18-20.42.28:533][  0]LogD3D11RHI:       0/0/3944 MB DedicatedVideo/DedicatedSystem/SharedSystem, Outputs:0, VendorId:0x1414
[2017.12.18-20.42.28:533][  0]LogD3D11RHI: Chosen D3D11 Adapter: 0
[2017.12.18-20.42.28:539][  0]LogD3D11RHI: Creating new Direct3DDevice
[2017.12.18-20.42.28:539][  0]LogD3D11RHI:     GPU DeviceId: 0x166 (for the marketing name, search the web for "GPU Device Id")
[2017.12.18-20.42.28:539][  0]LogWindows: EnumDisplayDevices:
[2017.12.18-20.42.28:539][  0]LogWindows:    0. 'Intel(R) HD Graphics 4000' (P:1 D:1)
[2017.12.18-20.42.28:539][  0]LogWindows:    1. 'Intel(R) HD Graphics 4000' (P:0 D:0)
[2017.12.18-20.42.28:539][  0]LogWindows:    2. 'Intel(R) HD Graphics 4000' (P:0 D:0)
[2017.12.18-20.42.28:540][  0]LogWindows: DebugString: FoundDriverCount:3 
[2017.12.18-20.42.28:540][  0]LogD3D11RHI:     Adapter Name: Intel(R) HD Graphics 4000
[2017.12.18-20.42.28:540][  0]LogD3D11RHI:   Driver Version: 10.18.10.4358 (internal:10.18.10.4358, unified:10.18.10.4358)
[2017.12.18-20.42.28:540][  0]LogD3D11RHI:      Driver Date: 12-21-2015
[2017.12.18-20.42.28:540][  0]LogRHI: Texture pool is 638 MB (70% of 912 MB)
[2017.12.18-20.42.28:544][  0]LogD3D11RHI: Async texture creation enabled
[2017.12.18-20.42.28:549][  0]LogD3D11RHI: GPU Timing Frequency: 12.500000 (Debug: 2 0)
[2017.12.18-20.42.28:550][  0]LogShaderCompilers: Guid format shader working directory is -16 characters bigger than the processId version (../../../../../Users/Shash/Documents/Unreal Projects/My2DGame/Intermediate/Shaders/WorkingDirectory/12204/).
[2017.12.18-20.42.28:550][  0]LogShaderCompilers: Cleaned the shader compiler working directory 'C:/Users/Shash/AppData/Local/Temp/UnrealShaderWorkingDir/BF7E76B2406BDDB6E339619A46CD9FD7/'.
[2017.12.18-20.42.28:550][  0]LogShaderCompilers: Display: Using Local Shader Compiler.
[2017.12.18-20.42.29:678][  0]LogTemp: Display: Loaded TP AllDesktopTargetPlatform
[2017.12.18-20.42.29:745][  0]LogTemp: Display: Loaded TP MacClientTargetPlatform
[2017.12.18-20.42.29:832][  0]LogTemp: Display: Loaded TP MacNoEditorTargetPlatform
[2017.12.18-20.42.29:907][  0]LogTemp: Display: Loaded TP MacServerTargetPlatform
[2017.12.18-20.42.29:967][  0]LogTemp: Display: Loaded TP MacTargetPlatform
[2017.12.18-20.42.30:027][  0]LogTemp: Display: Loaded TP WindowsClientTargetPlatform
[2017.12.18-20.42.30:089][  0]LogTemp: Display: Loaded TP WindowsNoEditorTargetPlatform
[2017.12.18-20.42.30:150][  0]LogTemp: Display: Loaded TP WindowsServerTargetPlatform
[2017.12.18-20.42.30:201][  0]LogTemp: Display: Loaded TP WindowsTargetPlatform
[2017.12.18-20.42.30:259][  0]LogTemp: Display: Loaded TP AndroidTargetPlatform
[2017.12.18-20.42.30:317][  0]LogTemp: Display: Loaded TP Android_ASTCTargetPlatform
[2017.12.18-20.42.30:376][  0]LogTemp: Display: Loaded TP Android_ATCTargetPlatform
[2017.12.18-20.42.30:462][  0]LogTemp: Display: Loaded TP Android_DXTTargetPlatform
[2017.12.18-20.42.30:544][  0]LogTemp: Display: Loaded TP Android_ETC1TargetPlatform
[2017.12.18-20.42.30:604][  0]LogTemp: Display: Loaded TP Android_ETC2TargetPlatform
[2017.12.18-20.42.30:722][  0]LogTemp: Display: Loaded TP Android_MultiTargetPlatform
[2017.12.18-20.42.30:722][  0]LogTemp: Display: Loaded TP Android_PVRTCTargetPlatform
[2017.12.18-20.42.30:768][  0]LogTemp: Display: Loaded TP HTML5TargetPlatform
[2017.12.18-20.42.30:874][  0]LogTemp: Display: Loaded TP IOSTargetPlatform
[2017.12.18-20.42.30:911][  0]LogTemp: Display: Loaded TP TVOSTargetPlatform
[2017.12.18-20.42.30:972][  0]LogTemp: Display: Loaded TP LinuxClientTargetPlatform
[2017.12.18-20.42.31:032][  0]LogTemp: Display: Loaded TP LinuxNoEditorTargetPlatform
[2017.12.18-20.42.31:093][  0]LogTemp: Display: Loaded TP LinuxServerTargetPlatform
[2017.12.18-20.42.31:153][  0]LogTemp: Display: Loaded TP LinuxTargetPlatform
[2017.12.18-20.42.31:153][  0]LogTargetPlatformManager: Display: Building Assets For Windows
[2017.12.18-20.42.31:765][  0]LogDerivedDataCache: Display: Max Cache Size: 512 MB
[2017.12.18-20.42.31:911][  0]LogDerivedDataCache: Loaded boot cache 0.15s 93MB C:/Users/Shash/AppData/Local/UnrealEngine/4.17/DerivedDataCache/Boot.ddc.
[2017.12.18-20.42.31:912][  0]LogDerivedDataCache: Display: Loaded Boot cache: C:/Users/Shash/AppData/Local/UnrealEngine/4.17/DerivedDataCache/Boot.ddc
[2017.12.18-20.42.31:912][  0]LogDerivedDataCache: FDerivedDataBackendGraph:  Pak pak cache file ../../../../../Users/Shash/Documents/Unreal Projects/My2DGame/DerivedDataCache/DDC.ddp not found, will not use a pak cache.
[2017.12.18-20.42.31:912][  0]LogDerivedDataCache: Unable to find inner node Pak for hierarchical cache Hierarchy.
[2017.12.18-20.42.31:912][  0]LogDerivedDataCache: FDerivedDataBackendGraph:  CompressedPak pak cache file ../../../../../Users/Shash/Documents/Unreal Projects/My2DGame/DerivedDataCache/Compressed.ddp not found, will not use a pak cache.
[2017.12.18-20.42.31:912][  0]LogDerivedDataCache: Unable to find inner node CompressedPak for hierarchical cache Hierarchy.
[2017.12.18-20.42.31:930][  0]LogDerivedDataCache: Display: Pak cache opened for reading ../../../Engine/DerivedDataCache/Compressed.ddp.
[2017.12.18-20.42.31:943][  0]LogDerivedDataCache: Using Local data cache path C:/Users/Shash/AppData/Local/UnrealEngine/Common/DerivedDataCache: Writable
[2017.12.18-20.42.31:957][  0]LogMaterial: Verifying Global Shaders for PCD3D_SM5
[2017.12.18-20.42.31:957][  0]LogSlate: Using Freetype 2.6.0
[2017.12.18-20.42.31:958][  0]LogSlate: SlateFontCache - WITH_FREETYPE: 1, WITH_HARFBUZZ: 1
[2017.12.18-20.42.31:958][  0]LogSlate: SlateFontCache - WITH_FREETYPE: 1, WITH_HARFBUZZ: 1
[2017.12.18-20.42.32:322][  0]LogAssetRegistry: FAssetRegistry took 0.0289 seconds to start up
[2017.12.18-20.42.32:509][  0]LogInit: Selected Device Profile: [Windows]
[2017.12.18-20.42.32:719][  0]LogContentStreaming: Texture pool size is 0.00 MB
[2017.12.18-20.42.33:067][  0]LogSimplygon: Simplygon DLL not present - disabling.
[2017.12.18-20.42.33:115][  0]LogMeshReduction: Using SimplygonSwarm for distributed automatic mesh merging
[2017.12.18-20.42.33:115][  0]LogMeshReduction: Using QuadricMeshReduction for automatic static mesh reduction
[2017.12.18-20.42.33:115][  0]LogMeshReduction: No automatic skeletal mesh reduction module available
[2017.12.18-20.42.33:115][  0]LogMeshReduction: No automatic mesh merging module available
[2017.12.18-20.42.33:115][  0]LogMeshMerging: No automatic mesh merging module available
[2017.12.18-20.42.33:572][  0]LogNetVersion: My2DGame , NetCL: 3573198, EngineNetVer: 2, GameNetVer: 0 (Checksum: 2582849305)
[2017.12.18-20.42.33:835][  0]LogPackageLocalizationCache: Processed 5 localized package path(s) for 2 prioritized culture(s) in 0.057892 seconds
[2017.12.18-20.42.33:842][  0]LogUObjectArray: 35825 objects as part of root set at end of initial load.
[2017.12.18-20.42.33:842][  0]LogUObjectAllocator: 7529104 out of 0 bytes used by permanent object pool.
[2017.12.18-20.42.33:842][  0]LogUObjectArray: CloseDisregardForGC: 0/0 objects in disregard for GC pool
[2017.12.18-20.42.33:941][  0]LogInit: WinSock: version 1.1 (2.2), MaxSocks=32767, MaxUdp=65467
[2017.12.18-20.42.36:855][  0]LogTcpMessaging: Initializing TcpMessaging bridge
[2017.12.18-20.42.36:908][  0]LogUdpMessaging: Initializing bridge on interface 0.0.0.0:0 to multicast group 230.0.0.1:6666.
[2017.12.18-20.42.37:629][  0]LogMaterial: Uniform references updated for custom material expression Custom.
[2017.12.18-20.42.38:103][  0]SourceControl: Source control is disabled
[2017.12.18-20.42.38:103][  0]SourceControl: Source control is disabled
[2017.12.18-20.42.38:159][  0]SourceControl: Source control is disabled
[2017.12.18-20.42.38:212][  0]SourceControl: Source control is disabled
[2017.12.18-20.42.38:866][  0]LogAndroidPermission: UAndroidPermissionCallbackProxy::GetInstance
[2017.12.18-20.42.39:145][  0]LogOcInput: OculusInput pre-init called
[2017.12.18-20.42.39:434][  0]LogEngine: Initializing Engine...
[2017.12.18-20.42.39:437][  0]LogHMD: Failed to initialize OpenVR with code 110
[2017.12.18-20.42.39:708][  0]LogStats: UGameplayTagsManager::ConstructGameplayTagTree: Construct from data asset -  0.000 s
[2017.12.18-20.42.39:708][  0]LogStats: UGameplayTagsManager::ConstructGameplayTagTree: GameplayTagTreeChangedEvent.Broadcast -  0.000 s
[2017.12.18-20.42.39:869][  0]LogAIModule: Creating AISystem for world Untitled
[2017.12.18-20.42.39:875][  0]LogInit: XAudio2 using 'Speaker/HP (Realtek High Definition Audio)' : 2 channels at 48 kHz using 32 bits per sample (channel mask 0x3)
[2017.12.18-20.42.39:914][  0]LogInit: FAudioDevice initialized.
[2017.12.18-20.42.40:012][  0]LogDerivedDataCache: Saved boot cache 0.10s 93MB C:/Users/Shash/AppData/Local/UnrealEngine/4.17/DerivedDataCache/Boot.ddc.
[2017.12.18-20.42.40:027][  0]LogInit: Texture streaming: Enabled
[2017.12.18-20.42.40:166][  0]LogEngineSessionManager: EngineSessionManager initialized
[2017.12.18-20.42.40:168][  0]LogEngineSessionManager: EngineSessionManager sent abnormal shutdown report. Type=AbnormalShutdown, SessionId={D12BDE36-40F9-86D6-43A6-0392987FAE4C}
[2017.12.18-20.42.40:433][  0]LogInit: Transaction tracking system initialized
[2017.12.18-20.42.40:795][  0]BlueprintLog: New page: Editor Load
[2017.12.18-20.42.41:837][  0]LocalizationService: Localization service is disabled
[2017.12.18-20.42.42:640][  0]LogConsoleResponse: Display: 
[2017.12.18-20.42.42:874][  0]LogCook: Display: Max memory allowance for cook 16384mb min free memory 0mb
[2017.12.18-20.42.42:874][  0]LogCook: Display: Mobile HDR setting 1
[2017.12.18-20.42.42:874][  0]LogGameplayTags: Display: UGameplayTagsManager::DoneAddingNativeTags. DelegateIsBound: 0
[2017.12.18-20.42.43:724][  0]LogFileCache: Scanning file cache for directory 'C:/Users/Shash/Documents/Unreal Projects/My2DGame/Content/' took 0.02s
[2017.12.18-20.42.44:220][  0]SourceControl: Source control is disabled
[2017.12.18-20.42.44:221][  0]Cmd: MAP LOAD FILE="../../../../../Users/Shash/Documents/Unreal Projects/My2DGame/Content/2DSideScrollerBP/Maps/2DSideScrollerExampleMap.umap" TEMPLATE=0 SHOWPROGRESS=1 FEATURELEVEL=3
[2017.12.18-20.42.44:221][  0]LightingResults: New page: Lighting Build
[2017.12.18-20.42.44:270][  0]MapCheck: New page: Map Check
[2017.12.18-20.42.44:270][  0]LightingResults: New page: Lighting Build
[2017.12.18-20.42.44:702][  0]LogAIModule: Creating AISystem for world 2DSideScrollerExampleMap
[2017.12.18-20.42.44:750][  0]LogEditorServer: Finished looking for orphan Actors (0.000 secs)
[2017.12.18-20.42.44:771][  0]Cmd: MAP CHECKDEP NOCLEARLOG
[2017.12.18-20.42.44:847][  0]MapCheck: Map check complete: 0 Error(s), 0 Warning(s), took 76.189ms to complete.
[2017.12.18-20.42.44:847][  0]LogFileHelpers: Loading map '2DSideScrollerExampleMap' took 0.627
[2017.12.18-20.42.45:023][  0]LogCollectionManager: Loaded 0 collections in 0.001791 seconds
[2017.12.18-20.42.45:112][  0]LogFileCache: Scanning file cache for directory 'C:/Users/Shash/Documents/Unreal Projects/My2DGame/Saved/Collections/' took 0.01s
[2017.12.18-20.42.45:112][  0]LogFileCache: Scanning file cache for directory 'C:/Users/Shash/Documents/Unreal Projects/My2DGame/Content/Developers/Shash/Collections/' took 0.01s
[2017.12.18-20.42.45:112][  0]LogFileCache: Scanning file cache for directory 'C:/Users/Shash/Documents/Unreal Projects/My2DGame/Content/Collections/' took 0.01s
[2017.12.18-20.42.45:112][  0]LogCollectionManager: Rebuilt the GUID cache for 0 collections in 0.000001 seconds
[2017.12.18-20.42.45:124][  0]LogContentBrowser: Native class hierarchy populated in 0.0115 seconds. Added 2386 classes and 500 folders.
[2017.12.18-20.42.45:199][  0]LogContentBrowser: Native class hierarchy updated for 'WidgetCarousel' in 0.0007 seconds. Added 0 classes and 0 folders.
[2017.12.18-20.42.45:267][  0]LogContentBrowser: Native class hierarchy updated for 'AddContentDialog' in 0.0007 seconds. Added 0 classes and 0 folders.
[2017.12.18-20.42.45:318][  0]LogContentBrowser: Native class hierarchy updated for 'SceneOutliner' in 0.0008 seconds. Added 1 classes and 2 folders.
[2017.12.18-20.42.45:342][  0]LogSlate: Took 0.000295 seconds to synchronously load lazily loaded font '../../../Engine/Content/Slate/Fonts/Roboto-Regular.ttf' (155K)
[2017.12.18-20.42.45:345][  0]LogSlate: Took 0.000296 seconds to synchronously load lazily loaded font '../../../Engine/Content/Slate/Fonts/Roboto-Bold.ttf' (160K)
[2017.12.18-20.42.45:351][  0]LogSlate: Took 0.000266 seconds to synchronously load lazily loaded font '../../../Engine/Content/Editor/Slate/Fonts/FontAwesome.ttf' (139K)
[2017.12.18-20.42.45:464][  0]LogRenderer: Reallocating scene render targets to support 1004x456 Format 10 NumSamples 1 (Frame:1).
[2017.12.18-20.42.45:939][  0]LogContentBrowser: Native class hierarchy updated for 'HierarchicalLODOutliner' in 0.0009 seconds. Added 1 classes and 2 folders.
[2017.12.18-20.42.45:939][  0]LogLoad: (Engine Initialization) Total time: 20.12 seconds
[2017.12.18-20.42.45:939][  0]LogLoad: (Engine Initialization) Total Blueprint compile time: 0.00 seconds
[2017.12.18-20.42.45:939][  0]LogExternalProfiler: No external profilers were discovered.  External profiling features will not be available.
[2017.12.18-20.42.45:950][  0]LogWindowsTextInputMethodSystem: Display: IME system now deactivated.
[2017.12.18-20.42.45:968][  0]LogContentStreaming: Texture pool size now 1000 MB
[2017.12.18-20.42.45:987][  0]LogSlate: Took 0.000214 seconds to synchronously load lazily loaded font '../../../Engine/Content/Slate/Fonts/Roboto-Light.ttf' (159K)
[2017.12.18-20.42.46:037][  1]LogAssetRegistry: Asset discovery search completed in 13.7373 seconds
[2017.12.18-20.42.46:039][  1]LogCollectionManager: Rebuilt the object cache for 0 collections in 0.000001 seconds (found 0 objects)
[2017.12.18-20.42.46:039][  1]LogCollectionManager: Fixed up redirectors for 0 collections in 0.000067 seconds (updated 0 objects)
[2017.12.18-20.42.47:444][ 48]LogTemp: Repeating last play command: Selected Viewport
[2017.12.18-20.42.47:497][ 48]LogBlueprintUserMessages: Early PlayInEditor Detection: Level '/Game/2DSideScrollerBP/Maps/2DSideScrollerExampleMap.2DSideScrollerExampleMap:PersistentLevel' has LevelScriptBlueprint '/Game/2DSideScrollerBP/Maps/2DSideScrollerExampleMap.2DSideScrollerExampleMap:PersistentLevel.2DSideScrollerExampleMap' with GeneratedClass '/Game/2DSideScrollerBP/Maps/2DSideScrollerExampleMap.2DSideScrollerExampleMap_C' with ClassGeneratedBy '/Game/2DSideScrollerBP/Maps/2DSideScrollerExampleMap.2DSideScrollerExampleMap:PersistentLevel.2DSideScrollerExampleMap'
[2017.12.18-20.42.47:497][ 48]LogPlayLevel: PlayLevel: No blueprints needed recompiling
[2017.12.18-20.42.47:497][ 48]PIE: New page: PIE session: 2DSideScrollerExampleMap (Dec 18, 2017, 8:42:47 AM)
[2017.12.18-20.42.47:498][ 48]LogPlayLevel: Creating play world package: /Game/2DSideScrollerBP/Maps/UEDPIE_0_2DSideScrollerExampleMap
[2017.12.18-20.42.47:515][ 48]LogPlayLevel: PIE: StaticDuplicateObject took: (0.017814s)
[2017.12.18-20.42.47:517][ 48]LogAIModule: Creating AISystem for world 2DSideScrollerExampleMap
[2017.12.18-20.42.47:517][ 48]LogPlayLevel: PIE: World Init took: (0.001431s)
[2017.12.18-20.42.47:517][ 48]LogPlayLevel: PIE: Created PIE world by copying editor world from /Game/2DSideScrollerBP/Maps/2DSideScrollerExampleMap.2DSideScrollerExampleMap to /Game/2DSideScrollerBP/Maps/UEDPIE_0_2DSideScrollerExampleMap.2DSideScrollerExampleMap (0.019625s)
[2017.12.18-20.42.47:534][ 48]LogInit: XAudio2 using 'Speaker/HP (Realtek High Definition Audio)' : 2 channels at 48 kHz using 32 bits per sample (channel mask 0x3)
[2017.12.18-20.42.47:547][ 48]LogInit: FAudioDevice initialized.
[2017.12.18-20.42.47:594][ 48]LogLoad: Game class is '2DSideScrollerGameMode_C'
[2017.12.18-20.42.47:607][ 48]LogWorld: Bringing World /Game/2DSideScrollerBP/Maps/UEDPIE_0_2DSideScrollerExampleMap.2DSideScrollerExampleMap up for play (max tick rate 0) at 2017.12.18-14.42.47
[2017.12.18-20.42.47:608][ 48]LogWorld: Bringing up level for play took: 0.013354
[2017.12.18-20.42.47:658][ 48]LogContentBrowser: Native class hierarchy updated for 'MovieSceneCapture' in 0.0008 seconds. Added 11 classes and 0 folders.
[2017.12.18-20.42.47:659][ 48]LogBlueprintUserMessages: [2DSideScrollerExampleMap_C_1] Collect all the coins to escape the dungeon!
[2017.12.18-20.42.47:660][ 48]PIE: Play in editor start time for /Game/2DSideScrollerBP/Maps/UEDPIE_0_2DSideScrollerExampleMap 0.769
[2017.12.18-20.42.47:661][ 48]LogBlueprintUserMessages: Late PlayInEditor Detection: Level '/Game/2DSideScrollerBP/Maps/2DSideScrollerExampleMap.2DSideScrollerExampleMap:PersistentLevel' has LevelScriptBlueprint '/Game/2DSideScrollerBP/Maps/2DSideScrollerExampleMap.2DSideScrollerExampleMap:PersistentLevel.2DSideScrollerExampleMap' with GeneratedClass '/Game/2DSideScrollerBP/Maps/2DSideScrollerExampleMap.2DSideScrollerExampleMap_C' with ClassGeneratedBy '/Game/2DSideScrollerBP/Maps/2DSideScrollerExampleMap.2DSideScrollerExampleMap:PersistentLevel.2DSideScrollerExampleMap'
[2017.12.18-20.43.46:015][543]LogHttp: Warning: 00000239EC455900: request failed, libcurl error: 6 (Couldn't resolve host name)
[2017.12.18-20.43.46:016][543]LogHttp: Warning: 00000239EC455900: libcurl info message cache 0 (Could not resolve host: datarouter.ol.epicgames.com)
[2017.12.18-20.43.46:016][543]LogHttp: Warning: 00000239EC455900: libcurl info message cache 1 (Closing connection 0)
[2017.12.18-20.45.46:076][705]LogHttp: Warning: 00000239EC455900: request failed, libcurl error: 6 (Couldn't resolve host name)
[2017.12.18-20.45.46:077][705]LogHttp: Warning: 00000239EC455900: libcurl info message cache 0 (Could not resolve host: datarouter.ol.epicgames.com)
[2017.12.18-20.45.46:077][705]LogHttp: Warning: 00000239EC455900: libcurl info message cache 1 (Closing connection 1)
[2017.12.18-20.47.46:140][795]LogHttp: Warning: 00000239EC455D80: request failed, libcurl error: 6 (Couldn't resolve host name)
[2017.12.18-20.47.46:140][795]LogHttp: Warning: 00000239EC455D80: libcurl info message cache 0 (Could not resolve host: datarouter.ol.epicgames.com)
[2017.12.18-20.47.46:140][795]LogHttp: Warning: 00000239EC455D80: libcurl info message cache 1 (Closing connection 2)
[2017.12.18-20.49.46:176][989]LogHttp: Warning: 00000239EC456800: request failed, libcurl error: 6 (Couldn't resolve host name)
[2017.12.18-20.49.46:176][989]LogHttp: Warning: 00000239EC456800: libcurl info message cache 0 (Could not resolve host: datarouter.ol.epicgames.com)
[2017.12.18-20.49.46:176][989]LogHttp: Warning: 00000239EC456800: libcurl info message cache 1 (Closing connection 3)
[2017.12.18-20.51.46:242][295]LogHttp: Warning: 00000239EC456C80: request failed, libcurl error: 6 (Couldn't resolve host name)
[2017.12.18-20.51.46:242][295]LogHttp: Warning: 00000239EC456C80: libcurl info message cache 0 (Could not resolve host: datarouter.ol.epicgames.com)
[2017.12.18-20.51.46:242][295]LogHttp: Warning: 00000239EC456C80: libcurl info message cache 1 (Closing connection 4)
[2017.12.18-20.53.46:277][660]LogHttp: Warning: 00000239EC456380: request failed, libcurl error: 6 (Couldn't resolve host name)
[2017.12.18-20.53.46:277][660]LogHttp: Warning: 00000239EC456380: libcurl info message cache 0 (Could not resolve host: datarouter.ol.epicgames.com)
[2017.12.18-20.53.46:277][660]LogHttp: Warning: 00000239EC456380: libcurl info message cache 1 (Closing connection 5)
[2017.12.18-21.16.31:758][631]LogHttp: Warning: 00000239ED666F80: request failed, libcurl error: 6 (Couldn't resolve host name)
[2017.12.18-21.16.31:758][631]LogHttp: Warning: 00000239ED666F80: libcurl info message cache 0 (Could not resolve host: datarouter.ol.epicgames.com)
[2017.12.18-21.16.31:758][631]LogHttp: Warning: 00000239ED666F80: libcurl info message cache 1 (Closing connection 6)
[2017.12.18-21.18.43:517][ 58]LogBlueprintUserMessages: Early EndPlayMap Detection: Level '/Game/2DSideScrollerBP/Maps/2DSideScrollerExampleMap.2DSideScrollerExampleMap:PersistentLevel' has LevelScriptBlueprint '/Game/2DSideScrollerBP/Maps/2DSideScrollerExampleMap.2DSideScrollerExampleMap:PersistentLevel.2DSideScrollerExampleMap' with GeneratedClass '/Game/2DSideScrollerBP/Maps/2DSideScrollerExampleMap.2DSideScrollerExampleMap_C' with ClassGeneratedBy '/Game/2DSideScrollerBP/Maps/2DSideScrollerExampleMap.2DSideScrollerExampleMap:PersistentLevel.2DSideScrollerExampleMap'
[2017.12.18-21.18.43:570][ 58]LogBlueprintUserMessages: Late EndPlayMap Detection: Level '/Game/2DSideScrollerBP/Maps/2DSideScrollerExampleMap.2DSideScrollerExampleMap:PersistentLevel' has LevelScriptBlueprint '/Game/2DSideScrollerBP/Maps/2DSideScrollerExampleMap.2DSideScrollerExampleMap:PersistentLevel.2DSideScrollerExampleMap' with GeneratedClass '/Game/2DSideScrollerBP/Maps/2DSideScrollerExampleMap.2DSideScrollerExampleMap_C' with ClassGeneratedBy '/Game/2DSideScrollerBP/Maps/2DSideScrollerExampleMap.2DSideScrollerExampleMap:PersistentLevel.2DSideScrollerExampleMap'
[2017.12.18-21.23.44:242][440]LogTemp: Repeating last play command: Selected Viewport
[2017.12.18-21.23.44:278][440]LogBlueprintUserMessages: Early PlayInEditor Detection: Level '/Game/2DSideScrollerBP/Maps/2DSideScrollerExampleMap.2DSideScrollerExampleMap:PersistentLevel' has LevelScriptBlueprint '/Game/2DSideScrollerBP/Maps/2DSideScrollerExampleMap.2DSideScrollerExampleMap:PersistentLevel.2DSideScrollerExampleMap' with GeneratedClass '/Game/2DSideScrollerBP/Maps/2DSideScrollerExampleMap.2DSideScrollerExampleMap_C' with ClassGeneratedBy '/Game/2DSideScrollerBP/Maps/2DSideScrollerExampleMap.2DSideScrollerExampleMap:PersistentLevel.2DSideScrollerExampleMap'
[2017.12.18-21.23.44:278][440]LogPlayLevel: PlayLevel: No blueprints needed recompiling
[2017.12.18-21.23.44:278][440]PIE: New page: PIE session: 2DSideScrollerExampleMap (Dec 18, 2017, 9:23:44 AM)
[2017.12.18-21.23.44:279][440]LogPlayLevel: Creating play world package: /Game/2DSideScrollerBP/Maps/UEDPIE_0_2DSideScrollerExampleMap
[2017.12.18-21.23.44:306][440]LogPlayLevel: PIE: StaticDuplicateObject took: (0.027774s)
[2017.12.18-21.23.44:307][440]LogAIModule: Creating AISystem for world 2DSideScrollerExampleMap
[2017.12.18-21.23.44:307][440]LogPlayLevel: PIE: World Init took: (0.001101s)
[2017.12.18-21.23.44:308][440]LogPlayLevel: PIE: Created PIE world by copying editor world from /Game/2DSideScrollerBP/Maps/2DSideScrollerExampleMap.2DSideScrollerExampleMap to /Game/2DSideScrollerBP/Maps/UEDPIE_0_2DSideScrollerExampleMap.2DSideScrollerExampleMap (0.029270s)
[2017.12.18-21.23.44:327][440]LogInit: XAudio2 using 'Speaker/HP (Realtek High Definition Audio)' : 2 channels at 48 kHz using 32 bits per sample (channel mask 0x3)
[2017.12.18-21.23.44:343][440]LogInit: FAudioDevice initialized.
[2017.12.18-21.23.44:411][440]LogLoad: Game class is '2DSideScrollerGameMode_C'
[2017.12.18-21.23.44:424][440]LogWorld: Bringing World /Game/2DSideScrollerBP/Maps/UEDPIE_0_2DSideScrollerExampleMap.2DSideScrollerExampleMap up for play (max tick rate 0) at 2017.12.18-15.23.44
[2017.12.18-21.23.44:425][440]LogWorld: Bringing up level for play took: 0.013311
[2017.12.18-21.23.44:426][440]LogBlueprintUserMessages: [2DSideScrollerExampleMap_C_1] Collect all the coins to escape the dungeon!
[2017.12.18-21.23.44:427][440]PIE: Play in editor start time for /Game/2DSideScrollerBP/Maps/UEDPIE_0_2DSideScrollerExampleMap -0.445
[2017.12.18-21.23.44:428][440]LogBlueprintUserMessages: Late PlayInEditor Detection: Level '/Game/2DSideScrollerBP/Maps/2DSideScrollerExampleMap.2DSideScrollerExampleMap:PersistentLevel' has LevelScriptBlueprint '/Game/2DSideScrollerBP/Maps/2DSideScrollerExampleMap.2DSideScrollerExampleMap:PersistentLevel.2DSideScrollerExampleMap' with GeneratedClass '/Game/2DSideScrollerBP/Maps/2DSideScrollerExampleMap.2DSideScrollerExampleMap_C' with ClassGeneratedBy '/Game/2DSideScrollerBP/Maps/2DSideScrollerExampleMap.2DSideScrollerExampleMap:PersistentLevel.2DSideScrollerExampleMap'
[2017.12.18-21.54.55:832][ 37]LogBlueprintUserMessages: Early EndPlayMap Detection: Level '/Game/2DSideScrollerBP/Maps/2DSideScrollerExampleMap.2DSideScrollerExampleMap:PersistentLevel' has LevelScriptBlueprint '/Game/2DSideScrollerBP/Maps/2DSideScrollerExampleMap.2DSideScrollerExampleMap:PersistentLevel.2DSideScrollerExampleMap' with GeneratedClass '/Game/2DSideScrollerBP/Maps/2DSideScrollerExampleMap.2DSideScrollerExampleMap_C' with ClassGeneratedBy '/Game/2DSideScrollerBP/Maps/2DSideScrollerExampleMap.2DSideScrollerExampleMap:PersistentLevel.2DSideScrollerExampleMap'
[2017.12.18-21.54.55:887][ 37]LogBlueprintUserMessages: Late EndPlayMap Detection: Level '/Game/2DSideScrollerBP/Maps/2DSideScrollerExampleMap.2DSideScrollerExampleMap:PersistentLevel' has LevelScriptBlueprint '/Game/2DSideScrollerBP/Maps/2DSideScrollerExampleMap.2DSideScrollerExampleMap:PersistentLevel.2DSideScrollerExampleMap' with GeneratedClass '/Game/2DSideScrollerBP/Maps/2DSideScrollerExampleMap.2DSideScrollerExampleMap_C' with ClassGeneratedBy '/Game/2DSideScrollerBP/Maps/2DSideScrollerExampleMap.2DSideScrollerExampleMap:PersistentLevel.2DSideScrollerExampleMap'
